 Default number of threads is:           32

         
 *******************************************************************************
 *                                                                             *
 *                               CRYSTAL23                                     *
 *                      public : 1.0.1 - October 2022                          *
 *                       HTTP://WWW.CRYSTAL.UNITO.IT                           *
 *                                                                             *
 *                              MAIN AUTHORS                                   *
 *                                                                             *
 *  R. DOVESI(1,11), V.R. SAUNDERS(2), C. ROETTI(1,11), R. ORLANDO(1,11),      *
 *  C.M. ZICOVICH-WILSON(1,3), F. PASCALE(4), B. CIVALLERI(1,11),              *
 *  K. DOLL(5), N.M. HARRISON(6), I.J. BUSH(7), Ph. D'ARCO(8),                 *
 *  M. LLUNELL(9), M. CAUSA'(10), Y. NOEL(8), L. MASCHIO(1,11), A. ERBA(1,11)  *
 *  M. RE'RAT(14), S. CASASSA(1,11), B.G. SEARLE(2), J.K. DESMARAIS(1)         *
 *                                                                             *
 *        CONTRIBUTIONS TO THE CODE HAVE ALSO BEEN GIVEN BY                    *
 *                                                                             *
 *  M. FERRABONE(1,11), M. DE LA PIERRE(1,11), M. FERRERO(1,11),               *
 *  J. BAIMA(1,11), E. ALBANESE(1,11), M.F. PEINTINGER(12), R. BAST(13),       *
 *  B. KIRTMAN(15), V. LACIVITA(1,11), R. DEMICHELIS(1,16)                     *
 *  G. BRANDEBURG(17), S. SALUSTRO(1,11), G. SANSONE(1,11)                     *
 *  M.T. RUGGIERO(18), L.E. DAGA(1), L. DONA'(1), A. COSSARD(1)                *
 *                                                                             *
 * (1) THEORETICAL CHEMISTRY GROUP - UNIVERSITA' DI TORINO - TORINO (ITALY)    *
 * (2) SCIENTIFIC COMPUTING DEPARTMENT - STFC DARESBURY (UK)                   *
 * (3) UNIVERSIDAD AUTONOMA DEL ESTADO DE MORELOS - CUERNAVACA (MEXICO)        *
 * (4) UNIVERSITE' DE LORRAINE - NANCY (FRANCE)                                *
 * (5) UNIVERSITAET STUTTGART- STUTTGART (GERMANY)                             *
 * (6) IMPERIAL COLLEGE - LONDON (UK)                                          *
 * (7) SCIENTIFIC COMPUTING DEPARTMENT - STFC RAL (UK)                         *
 * (8) UPMC - SORBONNE UNIVERSITES - PARIS (FRANCE)                            *
 * (9) UNIVERSIDAD DE BARCELONA - BARCELONA (SPAIN)                            *
 *(10) UNIVERSITA' DI NAPOLI "FEDERICO II" - NAPOLI (ITALY)                    *
 *(11) NIS - NANOSTRUCTURED INTERFACES AND SURFACES - TORINO (ITALY)           *
 *(12) MPI FUER CHEMISCHE ENERGIEKONVERSION - MUELHEIM AN DER RUHR (GERMANY)   *
 *(13) UNIVERSITY OF TROMSO - TROMSO (NORWAY)                                  *
 *(14) UNIVERSITE' DE PAU ET DES PAYS DE L'ADOUR - PAU (FRANCE)                *
 *(15) UNIVERSITY OF CALIFORNIA SANTA BARBARA - SANTA BARBARA (USA)            *
 *(16) CURTIN UNIVERSITY - PERTH (AUSTRALIA)                                   *
 *(17) UNIVERSITY COLLEGE LONDON - LONDON (UK)                                 *
 *(18) UNIVERSITY OF VERMONT - BURLINGTON (USA)                                *
 *                                                                             *
 *******************************************************************************
 EEEEEEEEEE STARTING  DATE 19 02 2026 TIME 20:28:18.3
 cof-1_z43_L087_serr                                                             

 CRYSTAL CALCULATION
 (INPUT ACCORDING TO THE INTERNATIONAL TABLES FOR X-RAY CRYSTALLOGRAPHY)
 CRYSTAL FAMILY                       :  TRICLINIC   
 CRYSTAL CLASS  (GROTH - 1921)        :  TRICLINIC PEDIAL                     

 SPACE GROUP (NONCENTROSYMMETRIC)     :  P 1             

 LATTICE PARAMETERS  (ANGSTROMS AND DEGREES) - CONVENTIONAL CELL
        A           B           C        ALPHA        BETA       GAMMA
    15.02361    15.02392     8.60000    90.00032    89.99994   119.99596


 NUMBER OF IRREDUCIBLE ATOMS IN THE CONVENTIONAL CELL:   84

 INPUT COORDINATES

 ATOM AT. N.              COORDINATES
   1   5     6.136805400000E-01  2.273182200000E-01  2.505554300000E-01
   2   5     9.469833800000E-01  8.939916600000E-01  7.505554300000E-01
   3   5     7.727362000000E-01  3.863778800000E-01  2.505554400000E-01
   4   5     1.060390400000E-01  5.305132000000E-02  7.505554400000E-01
   5   5     6.136762700000E-01  3.863606700000E-01  2.493876200000E-01
   6   5     9.469791100000E-01  5.303411000000E-02  7.493876300000E-01
   7   5     2.272552500000E-01  6.136332200000E-01  2.505554400000E-01
   8   5     5.605580900000E-01  2.803066600000E-01  7.505554400000E-01
   9   5     3.863632200000E-01  6.136124500000E-01  2.505554300000E-01
  10   5     7.196660600000E-01  2.802858900000E-01  7.505554300000E-01
  11   5     3.863435000000E-01  7.727516500000E-01  2.493876300000E-01
  12   5     7.196463400000E-01  4.394250900000E-01  7.493876300000E-01
  13   1     9.030436200000E-01  3.089300500000E-01  2.481343300000E-01
  14   1     2.363464600000E-01  9.756034900000E-01  7.481343300000E-01
  15   1     9.663453000000E-02  6.910534400000E-01  2.477641000000E-01
  16   1     4.299373700000E-01  3.577268800000E-01  7.477641000000E-01
  17   1     9.029714200000E-01  5.940724300000E-01  2.477071200000E-01
  18   1     2.362742600000E-01  2.607458700000E-01  7.477071200000E-01
  19   1     9.673618000000E-02  4.056849400000E-01  2.477213300000E-01
  20   1     4.300390200000E-01  7.235838000000E-02  7.477213300000E-01
  21   1     6.910324000000E-01  9.700412000000E-02  2.518656900000E-01
  22   1     2.433524000000E-02  7.636775600000E-01  7.518656900000E-01
  23   1     3.089297200000E-01  9.034373100000E-01  2.522359400000E-01
  24   1     6.422325600000E-01  5.701107500000E-01  7.522359400000E-01
  25   1     4.058699900000E-01  9.704998000000E-02  2.522929500000E-01
  26   1     7.391728300000E-01  7.637234200000E-01  7.522929500000E-01
  27   1     5.943122100000E-01  9.033473200000E-01  2.522786500000E-01
  28   1     9.276150500000E-01  5.700207600000E-01  7.522786500000E-01
  29   1     6.910727400000E-01  5.940542100000E-01  2.481343500000E-01
  30   1     2.437558000000E-02  2.607276500000E-01  7.481343500000E-01
  31   1     3.089618300000E-01  4.056093300000E-01  2.477640800000E-01
  32   1     6.422646700000E-01  7.228277000000E-02  7.477640700000E-01
  33   1     4.058405700000E-01  3.088232500000E-01  2.477070700000E-01
  34   1     7.391434100000E-01  9.754966900000E-01  7.477070700000E-01
  35   1     5.942908800000E-01  6.909579300000E-01  2.477213700000E-01
  36   1     9.275937200000E-01  3.576313700000E-01  7.477213800000E-01
  37   6     8.918903100000E-01  4.459436900000E-01  2.493448900000E-01
  38   6     2.251931500000E-01  1.126171300000E-01  7.493449000000E-01
  39   6     9.464891100000E-01  3.927856300000E-01  2.481913100000E-01
  40   6     2.797919500000E-01  5.945907000000E-02  7.481913000000E-01
  41   6     5.338812000000E-02  6.071853000000E-01  2.480916500000E-01
  42   6     3.866909600000E-01  2.738587400000E-01  7.480916500000E-01
  43   6     9.464521100000E-01  5.536921900000E-01  2.483907200000E-01
  44   6     2.797549500000E-01  2.203656300000E-01  7.483907200000E-01
  45   6     5.342634000000E-02  4.462499700000E-01  2.476216400000E-01
  46   6     3.867291800000E-01  1.129234100000E-01  7.476216400000E-01
  47   6     1.080358900000E-01  5.540356300000E-01  2.484049500000E-01
  48   6     4.413387300000E-01  2.207090700000E-01  7.484049500000E-01
  49   6     5.540394200000E-01  1.081684600000E-01  2.506551300000E-01
  50   6     8.873422600000E-01  7.748419000000E-01  7.506551300000E-01
  51   6     6.071778500000E-01  5.355594000000E-02  2.518087100000E-01
  52   6     9.404806900000E-01  7.202293800000E-01  7.518087000000E-01
  53   6     3.927986700000E-01  9.466631600000E-01  2.519084000000E-01
  54   6     7.261015100000E-01  6.133366000000E-01  7.519084000000E-01
  55   6     4.462875800000E-01  5.360286000000E-02  2.516093300000E-01
  56   6     7.795904200000E-01  7.202763000000E-01  7.516093300000E-01
  57   6     5.537168500000E-01  9.466235600000E-01  2.523783600000E-01
  58   6     8.870196900000E-01  6.132970000000E-01  7.523783600000E-01
  59   6     4.459279100000E-01  8.919920600000E-01  2.515950800000E-01
  60   6     7.792307500000E-01  5.586655000000E-01  7.515950800000E-01
  61   6     5.540448700000E-01  4.458745500000E-01  2.493449000000E-01
  62   6     8.873477100000E-01  1.125479900000E-01  7.493448900000E-01
  63   6     6.072102200000E-01  5.536257800000E-01  2.481913200000E-01
  64   6     9.405130600000E-01  2.202992200000E-01  7.481913200000E-01
  65   6     3.928233700000E-01  4.461720300000E-01  2.480916200000E-01
  66   6     7.261262100000E-01  1.128454700000E-01  7.480916200000E-01
  67   6     4.462872600000E-01  3.926899900000E-01  2.483906900000E-01
  68   6     7.795901000000E-01  5.936343000000E-02  7.483906900000E-01
  69   6     5.537429600000E-01  6.070980000000E-01  2.476216700000E-01
  70   6     8.870458000000E-01  2.737714400000E-01  7.476216700000E-01
  71   6     4.459599800000E-01  5.539582300000E-01  2.484049500000E-01
  72   6     7.792628200000E-01  2.206316700000E-01  7.484049500000E-01
  73   8     5.607366800000E-01  2.803706300000E-01  2.497009400000E-01
  74   8     8.940395200000E-01  9.470440700000E-01  7.497009300000E-01
  75   8     7.196817000000E-01  2.803783300000E-01  2.521647400000E-01
  76   8     5.298454000000E-02  9.470517700000E-01  7.521647400000E-01
  77   8     7.196794200000E-01  4.393234600000E-01  2.484476900000E-01
  78   8     5.298226000000E-02  1.059969000000E-01  7.484476900000E-01
  79   8     2.803245100000E-01  7.196511100000E-01  2.497009500000E-01
  80   8     6.136273500000E-01  3.863245500000E-01  7.497009500000E-01
  81   8     2.803439700000E-01  5.606956100000E-01  2.521647300000E-01
  82   8     6.136468100000E-01  2.273690500000E-01  7.521647300000E-01
  83   8     4.392638400000E-01  7.196354200000E-01  2.484476800000E-01
  84   8     7.725666800000E-01  3.863088600000E-01  7.484476700000E-01

 *******************************************************************************

 << INFORMATION >>: FROM NOW ON, ALL COORDINATES REFER TO THE PRIMITIVE CELL

 *******************************************************************************

 LATTICE PARAMETERS  (ANGSTROMS AND DEGREES) - PRIMITIVE CELL
       A          B          C        ALPHA      BETA     GAMMA        VOLUME
   15.02361   15.02392    8.60000    90.00032  89.99994 119.99596   1681.141313

 COORDINATES OF THE EQUIVALENT ATOMS (FRACTIONAL UNITS)

 N. ATOM EQUIV AT. N.          X                  Y                  Z

   1   1   1    5 B    -3.86319460000E-01  2.27318220000E-01  2.50555430000E-01

   2   2   1    5 B    -5.30166200000E-02 -1.06008340000E-01 -2.49444570000E-01

   3   3   1    5 B    -2.27263800000E-01  3.86377880000E-01  2.50555440000E-01

   4   4   1    5 B     1.06039040000E-01  5.30513200000E-02 -2.49444560000E-01

   5   5   1    5 B    -3.86323730000E-01  3.86360670000E-01  2.49387620000E-01

   6   6   1    5 B    -5.30208900000E-02  5.30341100000E-02 -2.50612370000E-01

   7   7   1    5 B     2.27255250000E-01 -3.86366780000E-01  2.50555440000E-01

   8   8   1    5 B    -4.39441910000E-01  2.80306660000E-01 -2.49444560000E-01

   9   9   1    5 B     3.86363220000E-01 -3.86387550000E-01  2.50555430000E-01

  10  10   1    5 B    -2.80333940000E-01  2.80285890000E-01 -2.49444570000E-01

  11  11   1    5 B     3.86343500000E-01 -2.27248350000E-01  2.49387630000E-01

  12  12   1    5 B    -2.80353660000E-01  4.39425090000E-01 -2.50612370000E-01

  13  13   1    1 H    -9.69563800000E-02  3.08930050000E-01  2.48134330000E-01

  14  14   1    1 H     2.36346460000E-01 -2.43965100000E-02 -2.51865670000E-01

  15  15   1    1 H     9.66345300000E-02 -3.08946560000E-01  2.47764100000E-01

  16  16   1    1 H     4.29937370000E-01  3.57726880000E-01 -2.52235900000E-01

  17  17   1    1 H    -9.70285800000E-02 -4.05927570000E-01  2.47707120000E-01

  18  18   1    1 H     2.36274260000E-01  2.60745870000E-01 -2.52292880000E-01

  19  19   1    1 H     9.67361800000E-02  4.05684940000E-01  2.47721330000E-01

  20  20   1    1 H     4.30039020000E-01  7.23583800000E-02 -2.52278670000E-01

  21  21   1    1 H    -3.08967600000E-01  9.70041200000E-02  2.51865690000E-01

  22  22   1    1 H     2.43352400000E-02 -2.36322440000E-01 -2.48134310000E-01

  23  23   1    1 H     3.08929720000E-01 -9.65626900000E-02  2.52235940000E-01

  24  24   1    1 H    -3.57767440000E-01 -4.29889250000E-01 -2.47764060000E-01

  25  25   1    1 H     4.05869990000E-01  9.70499800000E-02  2.52292950000E-01

  26  26   1    1 H    -2.60827170000E-01 -2.36276580000E-01 -2.47707050000E-01

  27  27   1    1 H    -4.05687790000E-01 -9.66526800000E-02  2.52278650000E-01

  28  28   1    1 H    -7.23849500000E-02 -4.29979240000E-01 -2.47721350000E-01

  29  29   1    1 H    -3.08927260000E-01 -4.05945790000E-01  2.48134350000E-01

  30  30   1    1 H     2.43755800000E-02  2.60727650000E-01 -2.51865650000E-01

  31  31   1    1 H     3.08961830000E-01  4.05609330000E-01  2.47764080000E-01

  32  32   1    1 H    -3.57735330000E-01  7.22827700000E-02 -2.52235930000E-01

  33  33   1    1 H     4.05840570000E-01  3.08823250000E-01  2.47707070000E-01

  34  34   1    1 H    -2.60856590000E-01 -2.45033100000E-02 -2.52292930000E-01

  35  35   1    1 H    -4.05709120000E-01 -3.09042070000E-01  2.47721370000E-01

  36  36   1    1 H    -7.24062800000E-02  3.57631370000E-01 -2.52278620000E-01

  37  37   1    6 C    -1.08109690000E-01  4.45943690000E-01  2.49344890000E-01

  38  38   1    6 C     2.25193150000E-01  1.12617130000E-01 -2.50655100000E-01

  39  39   1    6 C    -5.35108900000E-02  3.92785630000E-01  2.48191310000E-01

  40  40   1    6 C     2.79791950000E-01  5.94590700000E-02 -2.51808700000E-01

  41  41   1    6 C     5.33881200000E-02 -3.92814700000E-01  2.48091650000E-01

  42  42   1    6 C     3.86690960000E-01  2.73858740000E-01 -2.51908350000E-01

  43  43   1    6 C    -5.35478900000E-02 -4.46307810000E-01  2.48390720000E-01

  44  44   1    6 C     2.79754950000E-01  2.20365630000E-01 -2.51609280000E-01

  45  45   1    6 C     5.34263400000E-02  4.46249970000E-01  2.47621640000E-01

  46  46   1    6 C     3.86729180000E-01  1.12923410000E-01 -2.52378360000E-01

  47  47   1    6 C     1.08035890000E-01 -4.45964370000E-01  2.48404950000E-01

  48  48   1    6 C     4.41338730000E-01  2.20709070000E-01 -2.51595050000E-01

  49  49   1    6 C    -4.45960580000E-01  1.08168460000E-01  2.50655130000E-01

  50  50   1    6 C    -1.12657740000E-01 -2.25158100000E-01 -2.49344870000E-01

  51  51   1    6 C    -3.92822150000E-01  5.35559400000E-02  2.51808710000E-01

  52  52   1    6 C    -5.95193100000E-02 -2.79770620000E-01 -2.48191300000E-01

  53  53   1    6 C     3.92798670000E-01 -5.33368400000E-02  2.51908400000E-01

  54  54   1    6 C    -2.73898490000E-01 -3.86663400000E-01 -2.48091600000E-01

  55  55   1    6 C     4.46287580000E-01  5.36028600000E-02  2.51609330000E-01

  56  56   1    6 C    -2.20409580000E-01 -2.79723700000E-01 -2.48390670000E-01

  57  57   1    6 C    -4.46283150000E-01 -5.33764400000E-02  2.52378360000E-01

  58  58   1    6 C    -1.12980310000E-01 -3.86703000000E-01 -2.47621640000E-01

  59  59   1    6 C     4.45927910000E-01 -1.08007940000E-01  2.51595080000E-01

  60  60   1    6 C    -2.20769250000E-01 -4.41334500000E-01 -2.48404920000E-01

  61  61   1    6 C    -4.45955130000E-01  4.45874550000E-01  2.49344900000E-01

  62  62   1    6 C    -1.12652290000E-01  1.12547990000E-01 -2.50655110000E-01

  63  63   1    6 C    -3.92789780000E-01 -4.46374220000E-01  2.48191320000E-01

  64  64   1    6 C    -5.94869400000E-02  2.20299220000E-01 -2.51808680000E-01

  65  65   1    6 C     3.92823370000E-01  4.46172030000E-01  2.48091620000E-01

  66  66   1    6 C    -2.73873790000E-01  1.12845470000E-01 -2.51908380000E-01

  67  67   1    6 C     4.46287260000E-01  3.92689990000E-01  2.48390690000E-01

  68  68   1    6 C    -2.20409900000E-01  5.93634300000E-02 -2.51609310000E-01

  69  69   1    6 C    -4.46257040000E-01 -3.92902000000E-01  2.47621670000E-01

  70  70   1    6 C    -1.12954200000E-01  2.73771440000E-01 -2.52378330000E-01

  71  71   1    6 C     4.45959980000E-01 -4.46041770000E-01  2.48404950000E-01

  72  72   1    6 C    -2.20737180000E-01  2.20631670000E-01 -2.51595050000E-01

  73  73   1    8 O    -4.39263320000E-01  2.80370630000E-01  2.49700940000E-01

  74  74   1    8 O    -1.05960480000E-01 -5.29559300000E-02 -2.50299070000E-01

  75  75   1    8 O    -2.80318300000E-01  2.80378330000E-01  2.52164740000E-01

  76  76   1    8 O     5.29845400000E-02 -5.29482300000E-02 -2.47835260000E-01

  77  77   1    8 O    -2.80320580000E-01  4.39323460000E-01  2.48447690000E-01

  78  78   1    8 O     5.29822600000E-02  1.05996900000E-01 -2.51552310000E-01

  79  79   1    8 O     2.80324510000E-01 -2.80348890000E-01  2.49700950000E-01

  80  80   1    8 O    -3.86372650000E-01  3.86324550000E-01 -2.50299050000E-01

  81  81   1    8 O     2.80343970000E-01 -4.39304390000E-01  2.52164730000E-01

  82  82   1    8 O    -3.86353190000E-01  2.27369050000E-01 -2.47835270000E-01

  83  83   1    8 O     4.39263840000E-01 -2.80364580000E-01  2.48447680000E-01

  84  84   1    8 O    -2.27433320000E-01  3.86308860000E-01 -2.51552330000E-01

 NUMBER OF SYMMETRY OPERATORS         :    1
 *******************************************************************************
 * GEOMETRY EDITING - INPUT COORDINATES ARE GIVEN IN ANGSTROM         
 *******************************************************************************

 GCALCO - MAX INDICES DIRECT LATTICE VECTOR    12    12    19
 NO.OF VECTORS CREATED 6999 STARS 3500 RMAX   266.29565 BOHR

 GEOMETRY FOR WAVE FUNCTION - DIMENSIONALITY OF THE SYSTEM    3
 (NON PERIODIC DIRECTION: LATTICE PARAMETER FORMALLY SET TO 500)
 *******************************************************************************
 LATTICE PARAMETERS (ANGSTROMS AND DEGREES) - BOHR = 0.5291772083 ANGSTROM
 PRIMITIVE CELL - CENTRING CODE 1/0 VOLUME=  1681.141313 - DENSITY  0.771 g/cm^3
         A              B              C           ALPHA      BETA       GAMMA 
    15.02361100    15.02391600     8.60000000    90.000323  89.999944 119.995964
 *******************************************************************************
 ATOMS IN THE ASYMMETRIC UNIT   84 - ATOMS IN THE UNIT CELL:   84
     ATOM                 X/A                 Y/B                 Z/C    
 *******************************************************************************
      1 T   5 B    -3.863194600000E-01  2.273182200000E-01  2.505554300000E-01
      2 T   5 B    -5.301662000000E-02 -1.060083400000E-01 -2.494445700000E-01
      3 T   5 B    -2.272638000000E-01  3.863778800000E-01  2.505554400000E-01
      4 T   5 B     1.060390400000E-01  5.305132000000E-02 -2.494445600000E-01
      5 T   5 B    -3.863237300000E-01  3.863606700000E-01  2.493876200000E-01
      6 T   5 B    -5.302089000000E-02  5.303411000000E-02 -2.506123700000E-01
      7 T   5 B     2.272552500000E-01 -3.863667800000E-01  2.505554400000E-01
      8 T   5 B    -4.394419100000E-01  2.803066600000E-01 -2.494445600000E-01
      9 T   5 B     3.863632200000E-01 -3.863875500000E-01  2.505554300000E-01
     10 T   5 B    -2.803339400000E-01  2.802858900000E-01 -2.494445700000E-01
     11 T   5 B     3.863435000000E-01 -2.272483500000E-01  2.493876300000E-01
     12 T   5 B    -2.803536600000E-01  4.394250900000E-01 -2.506123700000E-01
     13 T   1 H    -9.695638000000E-02  3.089300500000E-01  2.481343300000E-01
     14 T   1 H     2.363464600000E-01 -2.439651000000E-02 -2.518656700000E-01
     15 T   1 H     9.663453000000E-02 -3.089465600000E-01  2.477641000000E-01
     16 T   1 H     4.299373700000E-01  3.577268800000E-01 -2.522359000000E-01
     17 T   1 H    -9.702858000000E-02 -4.059275700000E-01  2.477071200000E-01
     18 T   1 H     2.362742600000E-01  2.607458700000E-01 -2.522928800000E-01
     19 T   1 H     9.673618000000E-02  4.056849400000E-01  2.477213300000E-01
     20 T   1 H     4.300390200000E-01  7.235838000000E-02 -2.522786700000E-01
     21 T   1 H    -3.089676000000E-01  9.700412000000E-02  2.518656900000E-01
     22 T   1 H     2.433524000000E-02 -2.363224400000E-01 -2.481343100000E-01
     23 T   1 H     3.089297200000E-01 -9.656269000000E-02  2.522359400000E-01
     24 T   1 H    -3.577674400000E-01 -4.298892500000E-01 -2.477640600000E-01
     25 T   1 H     4.058699900000E-01  9.704998000000E-02  2.522929500000E-01
     26 T   1 H    -2.608271700000E-01 -2.362765800000E-01 -2.477070500000E-01
     27 T   1 H    -4.056877900000E-01 -9.665268000000E-02  2.522786500000E-01
     28 T   1 H    -7.238495000000E-02 -4.299792400000E-01 -2.477213500000E-01
     29 T   1 H    -3.089272600000E-01 -4.059457900000E-01  2.481343500000E-01
     30 T   1 H     2.437558000000E-02  2.607276500000E-01 -2.518656500000E-01
     31 T   1 H     3.089618300000E-01  4.056093300000E-01  2.477640800000E-01
     32 T   1 H    -3.577353300000E-01  7.228277000000E-02 -2.522359300000E-01
     33 T   1 H     4.058405700000E-01  3.088232500000E-01  2.477070700000E-01
     34 T   1 H    -2.608565900000E-01 -2.450331000000E-02 -2.522929300000E-01
     35 T   1 H    -4.057091200000E-01 -3.090420700000E-01  2.477213700000E-01
     36 T   1 H    -7.240628000000E-02  3.576313700000E-01 -2.522786200000E-01
     37 T   6 C    -1.081096900000E-01  4.459436900000E-01  2.493448900000E-01
     38 T   6 C     2.251931500000E-01  1.126171300000E-01 -2.506551000000E-01
     39 T   6 C    -5.351089000000E-02  3.927856300000E-01  2.481913100000E-01
     40 T   6 C     2.797919500000E-01  5.945907000000E-02 -2.518087000000E-01
     41 T   6 C     5.338812000000E-02 -3.928147000000E-01  2.480916500000E-01
     42 T   6 C     3.866909600000E-01  2.738587400000E-01 -2.519083500000E-01
     43 T   6 C    -5.354789000000E-02 -4.463078100000E-01  2.483907200000E-01
     44 T   6 C     2.797549500000E-01  2.203656300000E-01 -2.516092800000E-01
     45 T   6 C     5.342634000000E-02  4.462499700000E-01  2.476216400000E-01
     46 T   6 C     3.867291800000E-01  1.129234100000E-01 -2.523783600000E-01
     47 T   6 C     1.080358900000E-01 -4.459643700000E-01  2.484049500000E-01
     48 T   6 C     4.413387300000E-01  2.207090700000E-01 -2.515950500000E-01
     49 T   6 C    -4.459605800000E-01  1.081684600000E-01  2.506551300000E-01
     50 T   6 C    -1.126577400000E-01 -2.251581000000E-01 -2.493448700000E-01
     51 T   6 C    -3.928221500000E-01  5.355594000000E-02  2.518087100000E-01
     52 T   6 C    -5.951931000000E-02 -2.797706200000E-01 -2.481913000000E-01
     53 T   6 C     3.927986700000E-01 -5.333684000000E-02  2.519084000000E-01
     54 T   6 C    -2.738984900000E-01 -3.866634000000E-01 -2.480916000000E-01
     55 T   6 C     4.462875800000E-01  5.360286000000E-02  2.516093300000E-01
     56 T   6 C    -2.204095800000E-01 -2.797237000000E-01 -2.483906700000E-01
     57 T   6 C    -4.462831500000E-01 -5.337644000000E-02  2.523783600000E-01
     58 T   6 C    -1.129803100000E-01 -3.867030000000E-01 -2.476216400000E-01
     59 T   6 C     4.459279100000E-01 -1.080079400000E-01  2.515950800000E-01
     60 T   6 C    -2.207692500000E-01 -4.413345000000E-01 -2.484049200000E-01
     61 T   6 C    -4.459551300000E-01  4.458745500000E-01  2.493449000000E-01
     62 T   6 C    -1.126522900000E-01  1.125479900000E-01 -2.506551100000E-01
     63 T   6 C    -3.927897800000E-01 -4.463742200000E-01  2.481913200000E-01
     64 T   6 C    -5.948694000000E-02  2.202992200000E-01 -2.518086800000E-01
     65 T   6 C     3.928233700000E-01  4.461720300000E-01  2.480916200000E-01
     66 T   6 C    -2.738737900000E-01  1.128454700000E-01 -2.519083800000E-01
     67 T   6 C     4.462872600000E-01  3.926899900000E-01  2.483906900000E-01
     68 T   6 C    -2.204099000000E-01  5.936343000000E-02 -2.516093100000E-01
     69 T   6 C    -4.462570400000E-01 -3.929020000000E-01  2.476216700000E-01
     70 T   6 C    -1.129542000000E-01  2.737714400000E-01 -2.523783300000E-01
     71 T   6 C     4.459599800000E-01 -4.460417700000E-01  2.484049500000E-01
     72 T   6 C    -2.207371800000E-01  2.206316700000E-01 -2.515950500000E-01
     73 T   8 O    -4.392633200000E-01  2.803706300000E-01  2.497009400000E-01
     74 T   8 O    -1.059604800000E-01 -5.295593000000E-02 -2.502990700000E-01
     75 T   8 O    -2.803183000000E-01  2.803783300000E-01  2.521647400000E-01
     76 T   8 O     5.298454000000E-02 -5.294823000000E-02 -2.478352600000E-01
     77 T   8 O    -2.803205800000E-01  4.393234600000E-01  2.484476900000E-01
     78 T   8 O     5.298226000000E-02  1.059969000000E-01 -2.515523100000E-01
     79 T   8 O     2.803245100000E-01 -2.803488900000E-01  2.497009500000E-01
     80 T   8 O    -3.863726500000E-01  3.863245500000E-01 -2.502990500000E-01
     81 T   8 O     2.803439700000E-01 -4.393043900000E-01  2.521647300000E-01
     82 T   8 O    -3.863531900000E-01  2.273690500000E-01 -2.478352700000E-01
     83 T   8 O     4.392638400000E-01 -2.803645800000E-01  2.484476800000E-01
     84 T   8 O    -2.274333200000E-01  3.863088600000E-01 -2.515523300000E-01

 T = ATOM BELONGING TO THE ASYMMETRIC UNIT

 ****    1 SYMMOPS - TRANSLATORS IN FRACTIONAL UNITS
 **** MATRICES AND TRANSLATORS IN THE CRYSTALLOGRAPHIC REFERENCE FRAME
   V INV                    ROTATION MATRICES                   TRANSLATORS
   1   1  1.00  0.00  0.00  0.00  1.00  0.00  0.00 -0.00  1.00  0.00  0.00  0.00

 DIRECT LATTICE VECTORS CARTESIAN COMPONENTS (ANGSTROM)
          X                    Y                    Z
   0.130113578931E+02  -0.751088897922E+01   0.000000000000E+00
   0.000000000000E+00   0.150239160000E+02   0.000000000000E+00
  -0.182809542969E-04  -0.484817559599E-04   0.859999999984E+01


 CARTESIAN COORDINATES - PRIMITIVE CELL
 *******************************************************************************
 *      ATOM          X(ANGSTROM)         Y(ANGSTROM)         Z(ANGSTROM)
 *******************************************************************************
    1     5 B    -5.026545335505E+00  6.316800269753E+00  2.154776697961E+00
    2     5 B    -6.898136570154E-01 -1.194446355075E+00 -2.145223301961E+00
    3     5 B    -2.957015218329E+00  7.511849836805E+00  2.154776783961E+00
    4     5 B     1.379716460161E+00  6.032119767102E-04 -2.145223215961E+00
    5     5 B    -5.026600872654E+00 -6.317643192899E+00  2.144733531961E+00
    6     5 B    -6.898691941651E-01  1.195026182272E+00 -2.155266381961E+00
    7     5 B     2.956894810433E+00 -7.511643147972E+00  2.154776783961E+00
    8     5 B     7.293626488923E+00  1.026227199215E-03 -2.145223215961E+00
    9     5 B     5.027105551741E+00  6.316918506914E+00  2.154776697961E+00
   10     5 B    -3.647520662826E+00  6.316560861302E+00 -2.145223301961E+00
   11     5 B     5.026848989112E+00 -6.315955348631E+00  2.144733617961E+00
   12     5 B    -3.647777225455E+00 -6.316312994243E+00 -2.155266381961E+00
   13     1 H    -1.261538696328E+00  5.369555697094E+00  2.133955237961E+00
   14     1 H     3.075192982162E+00 -2.141690927734E+00 -2.166044761961E+00
   15     1 H     1.257341925293E+00 -5.367410404356E+00  2.130771259961E+00
   16     1 H     5.594073603782E+00  2.145258970815E+00 -2.169228739961E+00
   17     1 H    -1.262478108558E+00 -5.369862830849E+00  2.130281231961E+00
   18     1 H     3.074253569932E+00  2.142806544322E+00 -2.169718767961E+00
   19     1 H     1.258664530605E+00  5.368389742806E+00  2.130403437961E+00
   20     1 H     5.595396209094E+00 -2.142856882022E+00 -2.169596561961E+00
   21     1 H    -4.020092625304E+00  3.777990881418E+00  2.166044933961E+00
   22     1 H     3.166390531854E-01 -3.733255743411E+00 -2.133955065961E+00
   23     1 H     4.019590539608E+00 -3.771098801436E+00  2.169229083961E+00
   24     1 H    -4.655035674959E+00 -3.771456447048E+00 -2.130770915961E+00
   25     1 H     5.280915085785E+00 -1.590385919169E+00  2.169719369961E+00
   26     1 H    -3.393711128782E+00 -1.590743564781E+00 -2.130280629961E+00
   27     1 H    -5.278553640428E+00  1.594961974507E+00  2.169596389961E+00
   28     1 H    -9.418219619383E-01 -5.916284650322E+00 -2.130403609961E+00
   29     1 H    -4.019567678914E+00 -3.778589126989E+00  2.133955409961E+00
   30     1 H     3.171639995753E-01  3.734080248182E+00 -2.166044589961E+00
   31     1 H     4.020008416060E+00  3.773250486753E+00  2.130771087961E+00
   32     1 H    -4.654617798507E+00  3.772892841141E+00 -2.169228997961E+00
   33     1 H     5.280532375470E+00  1.591499093041E+00  2.130280801961E+00
   34     1 H    -3.394093839097E+00  1.591141447429E+00 -2.169719197961E+00
   35     1 H    -5.278831089380E+00 -1.595797951938E+00  2.130403781961E+00
   36     1 H    -9.420994108909E-01  5.916871423233E+00 -2.169596131961E+00
   37     6 C    -1.406658426560E+00  7.511808329779E+00  2.144366053961E+00
   38     6 C     2.930073251929E+00  5.617049504295E-04 -2.155633859961E+00
   39     6 C    -6.962538781400E-01  6.303080632346E+00  2.134445265961E+00
   40     6 C     3.640477800350E+00 -1.208165992482E+00 -2.165554819961E+00
   41     6 C     6.946474012053E-01 -6.302619326413E+00  2.133588189961E+00
   42     6 C     5.031379079695E+00  1.210050048758E+00 -2.166411809961E+00
   43     6 C    -6.967353020274E-01 -6.303110833141E+00  2.136160191961E+00
   44     6 C     3.639996376462E+00  1.209558542031E+00 -2.163839807961E+00
   45     6 C     6.951447038962E-01  6.303130750845E+00  2.129546103961E+00
   46     6 C     5.031876382386E+00 -1.208115873984E+00 -2.170453895961E+00
   47     6 C     1.405689089005E+00 -7.511588852542E+00  2.136282569961E+00
   48     6 C     5.742420767495E+00  1.080522629547E-03 -2.163717429961E+00
   49     6 C     7.208800598267E+00 -2.536226869041E+00  2.155634117961E+00
   50     6 C    -1.465825616301E+00 -2.536584514653E+00 -2.144365881961E+00
   51     6 C    -5.111154185273E+00  3.755051292960E+00  2.165554905961E+00
   52     6 C    -7.744225067840E-01 -3.756195331868E+00 -2.134445179961E+00
   53     6 C     5.110839470161E+00 -3.751607618381E+00  2.166412239961E+00
   54     6 C    -3.563786744407E+00 -3.751965263993E+00 -2.133587759961E+00
   55     6 C     5.806802826947E+00 -2.546703798646E+00  2.163840237961E+00
   56     6 C    -2.867823387620E+00 -2.547061444258E+00 -2.136159761961E+00
   57     6 C    -5.806754400008E+00  2.550047806260E+00  2.170453895961E+00
   58     6 C    -1.470022721519E+00 -4.961198818569E+00 -2.129546103961E+00
   59     6 C     5.802123032115E+00 -4.972029440408E+00  2.163717687961E+00
   60     6 C    -2.872503182453E+00 -4.972387086020E+00 -2.136282311961E+00
   61     6 C     7.208871534119E+00  2.537400188985E+00  2.144366139961E+00
   62     6 C    -1.465754680448E+00  2.537042543373E+00 -2.155633945961E+00
   63     6 C    -5.110732941489E+00 -3.756100388846E+00  2.134445351961E+00
   64     6 C    -7.740012629998E-01  3.756568986326E+00 -2.165554647961E+00
   65     6 C     5.111160920475E+00  3.752786351840E+00  2.133587931961E+00
   66     6 C    -3.563465294092E+00  3.752428706228E+00 -2.166412067961E+00
   67     6 C     5.806798722153E+00  2.547715318685E+00  2.136159933961E+00
   68     6 C    -2.867827492415E+00  2.547357673073E+00 -2.163840065961E+00
   69     6 C    -5.806414586496E+00 -2.551151565732E+00  2.129546361961E+00
   70     6 C    -1.469682908007E+00  4.961517809440E+00 -2.170453637961E+00
   71     6 C     5.802540364681E+00  4.973053972967E+00  2.136282569961E+00
   72     6 C    -2.872085849886E+00  4.972696327355E+00 -2.163717429961E+00
   73     8 O     7.295941062473E+00  6.217379926190E-04  2.147428083961E+00
   74     8 O    -1.378685152094E+00  2.640923810351E-04 -2.152572001961E+00
   75     8 O    -3.647326335085E+00  6.317807882894E+00  2.168616763961E+00
   76     8 O     6.894053434040E-01 -1.193438741935E+00 -2.131383235961E+00
   77     8 O    -3.647355933030E+00 -6.318112530341E+00  2.136650133961E+00
   78     8 O     6.893757454593E-01  1.194556844830E+00 -2.163349865961E+00
   79     8 O     3.647397961034E+00 -6.317436552757E+00  2.147428169961E+00
   80     8 O     7.984129639523E+00  1.195232822414E+00 -2.152571829961E+00
   81     8 O     3.647651117018E+00  6.318199086157E+00  2.168616677961E+00
   82     8 O     7.984382795508E+00 -1.193047538671E+00 -2.131383321961E+00
   83     8 O    -7.295943403199E+00 -5.589000829137E-04  2.136650047961E+00
   84     8 O    -2.959211724709E+00 -7.511805524911E+00 -2.163350037961E+00

 *******************************************************************************
 STARTING BASIS SET HANDLING 
 *******************************************************************************

 Loading internal basis set: SOLDEF2MSVP         

 Please cite in your publication:
 L. Dona', J. G. Brandenburg and B. Civalleri, J. Chem. Phys., 151, 121101 (2019
 )                                                                              
                                                                                
                    

 *******************************************************************************
 LOCAL ATOMIC FUNCTIONS BASIS SET
 *******************************************************************************
   ATOM   X(AU)   Y(AU)   Z(AU)  N. TYPE  EXPONENT  S COEF   P COEF   D/F/G COEF
 *******************************************************************************
   1 B   -9.499  11.937   4.072
                                  1 S  
                                         2.410E+03 1.755E-03 0.000E+00 0.000E+00
                                         3.619E+02 1.344E-02 0.000E+00 0.000E+00
                                         8.231E+01 6.637E-02 0.000E+00 0.000E+00
                                         2.311E+01 2.303E-01 0.000E+00 0.000E+00
                                         7.252E+00 5.150E-01 0.000E+00 0.000E+00
                                  2 S  
                                         2.367E+00 1.000E+00 0.000E+00 0.000E+00
                                  3 S  
                                         5.533E-01 1.000E+00 0.000E+00 0.000E+00
                                  4 S  
                                         1.716E-01 1.000E+00 0.000E+00 0.000E+00
                           5-     7 P  
                                         6.002E+00 0.000E+00-3.555E-02 0.000E+00
                                         1.240E+00 0.000E+00-1.983E-01 0.000E+00
                                         3.367E-01 0.000E+00-5.048E-01 0.000E+00
                           8-    10 P  
                                         1.256E-01 0.000E+00 1.000E+00 0.000E+00
                          11-    15 D  
                                         8.880E-01 0.000E+00 0.000E+00 1.000E+00
   2 B   -1.304  -2.257  -4.054
   3 B   -5.588  14.195   4.072
   4 B    2.607   0.001  -4.054
   5 B   -9.499 -11.939   4.053
   6 B   -1.304   2.258  -4.073
   7 B    5.588 -14.195   4.072
   8 B   13.783   0.002  -4.054
   9 B    9.500  11.937   4.072
  10 B   -6.893  11.937  -4.054
  11 B    9.499 -11.935   4.053
  12 B   -6.893 -11.936  -4.073
  13 H   -2.384  10.147   4.033
                                181 S  
                                         1.874E+01 1.968E-02 0.000E+00 0.000E+00
                                         2.826E+00 1.380E-01 0.000E+00 0.000E+00
                                         6.401E-01 4.783E-01 0.000E+00 0.000E+00
                                182 S  
                                         1.756E-01 1.000E+00 0.000E+00 0.000E+00
  14 H    5.811  -4.047  -4.093
  15 H    2.376 -10.143   4.027
  16 H   10.571   4.054  -4.099
  17 H   -2.386 -10.148   4.026
  18 H    5.809   4.049  -4.100
  19 H    2.379  10.145   4.026
  20 H   10.574  -4.049  -4.100
  21 H   -7.597   7.139   4.093
  22 H    0.598  -7.055  -4.033
  23 H    7.596  -7.126   4.099
  24 H   -8.797  -7.127  -4.027
  25 H    9.979  -3.005   4.100
  26 H   -6.413  -3.006  -4.026
  27 H   -9.975   3.014   4.100
  28 H   -1.780 -11.180  -4.026
  29 H   -7.596  -7.140   4.033
  30 H    0.599   7.056  -4.093
  31 H    7.597   7.130   4.027
  32 H   -8.796   7.130  -4.099
  33 H    9.979   3.007   4.026
  34 H   -6.414   3.007  -4.100
  35 H   -9.976  -3.016   4.026
  36 H   -1.780  11.181  -4.100
  37 C   -2.658  14.195   4.052
                                229 S  
                                         3.624E+03 1.634E-03 0.000E+00 0.000E+00
                                         5.440E+02 1.252E-02 0.000E+00 0.000E+00
                                         1.237E+02 6.211E-02 0.000E+00 0.000E+00
                                         3.476E+01 2.182E-01 0.000E+00 0.000E+00
                                         1.093E+01 4.980E-01 0.000E+00 0.000E+00
                                230 S  
                                         3.574E+00 1.000E+00 0.000E+00 0.000E+00
                                231 S  
                                         7.742E-01 1.000E+00 0.000E+00 0.000E+00
                                232 S  
                                         2.330E-01 1.000E+00 0.000E+00 0.000E+00
                         233-   235 P  
                                         9.443E+00 0.000E+00 3.790E-02 0.000E+00
                                         2.002E+00 0.000E+00 2.082E-01 0.000E+00
                                         5.463E-01 0.000E+00 5.047E-01 0.000E+00
                         236-   238 P  
                                         1.820E-01 0.000E+00 1.000E+00 0.000E+00
                         239-   243 D  
                                         8.880E-01 0.000E+00 0.000E+00 1.000E+00
  38 C    5.537   0.001  -4.074
  39 C   -1.316  11.911   4.034
  40 C    6.880  -2.283  -4.092
  41 C    1.313 -11.910   4.032
  42 C    9.508   2.287  -4.094
  43 C   -1.317 -11.911   4.037
  44 C    6.879   2.286  -4.089
  45 C    1.314  11.911   4.024
  46 C    9.509  -2.283  -4.102
  47 C    2.656 -14.195   4.037
  48 C   10.852   0.002  -4.089
  49 C   13.623  -4.793   4.074
  50 C   -2.770  -4.793  -4.052
  51 C   -9.659   7.096   4.092
  52 C   -1.463  -7.098  -4.034
  53 C    9.658  -7.090   4.094
  54 C   -6.735  -7.090  -4.032
  55 C   10.973  -4.813   4.089
  56 C   -5.419  -4.813  -4.037
  57 C  -10.973   4.819   4.102
  58 C   -2.778  -9.375  -4.024
  59 C   10.964  -9.396   4.089
  60 C   -5.428  -9.396  -4.037
  61 C   13.623   4.795   4.052
  62 C   -2.770   4.794  -4.074
  63 C   -9.658  -7.098   4.034
  64 C   -1.463   7.099  -4.092
  65 C    9.659   7.092   4.032
  66 C   -6.734   7.091  -4.094
  67 C   10.973   4.814   4.037
  68 C   -5.419   4.814  -4.089
  69 C  -10.973  -4.821   4.024
  70 C   -2.777   9.376  -4.102
  71 C   10.965   9.398   4.037
  72 C   -5.427   9.397  -4.089
  73 O   13.787   0.001   4.058
                                769 S  
                                         6.773E+03 1.727E-03 0.000E+00 0.000E+00
                                         1.017E+03 1.325E-02 0.000E+00 0.000E+00
                                         2.313E+02 6.603E-02 0.000E+00 0.000E+00
                                         6.501E+01 2.353E-01 0.000E+00 0.000E+00
                                         2.050E+01 5.498E-01 0.000E+00 0.000E+00
                                770 S  
                                         6.716E+00 1.000E+00 0.000E+00 0.000E+00
                                771 S  
                                         1.147E+00 1.000E+00 0.000E+00 0.000E+00
                                772 S  
                                         3.342E-01 1.000E+00 0.000E+00 0.000E+00
                         773-   775 P  
                                         1.769E+01 0.000E+00 4.359E-02 0.000E+00
                                         3.854E+00 0.000E+00 2.318E-01 0.000E+00
                                         1.047E+00 0.000E+00 5.146E-01 0.000E+00
                         776-   778 P  
                                         2.759E-01 0.000E+00 1.000E+00 0.000E+00
                         779-   783 D  
                                         8.000E-01 0.000E+00 0.000E+00 1.000E+00
  74 O   -2.605   0.000  -4.068
  75 O   -6.892  11.939   4.098
  76 O    1.303  -2.255  -4.028
  77 O   -6.893 -11.940   4.038
  78 O    1.303   2.257  -4.088
  79 O    6.893 -11.938   4.058
  80 O   15.088   2.259  -4.068
  81 O    6.893  11.940   4.098
  82 O   15.088  -2.255  -4.028
  83 O  -13.787  -0.001   4.038
  84 O   -5.592 -14.195  -4.088

 *******************************************************************************
 FINISHED BASIS SET HANDLING 
 *******************************************************************************

 INFORMATION **** SET_MPP **** PCRYSTAL CALCULATION
 INFORMATION **** READM2 **** NEW DEFAULT: FOCK/KS MATRIX MIXING SET TO 30 %
 INFORMATION **** READM2 **** NEW DEFAULT: FULL DIRECT SCF MODE
 INFORMATION **** READM2 **** NEW DEFAULT: COULOMB BIPOLAR BUFFER SET TO 32 Mb
 INFORMATION **** READM2 **** NEW DEFAULT: EXCHANGE BIPOLAR BUFFER SET TO 32 Mb

 *******************************************************************************
 NEW DEFAULT: DFT INTEGRATION GRID INCREASED TO XLGRID
 NEW DEFAULT: DIIS ACCELERATOR ACTIVE
 USE KEYWORD NODIIS TO TURN IT OFF
 *******************************************************************************

 WARNING **** RDDFTP **** HSEsol-HJS ACTIVE
 RANGE SEPARATION - OMEGA:   0.110000000000000     
 WARNING **** RDDFTP **** HSEsol-3c has to be combined with sol-def2-mSVP basis set
 *******************************************************************************
 N. OF ATOMS PER CELL        84  COULOMB OVERLAP TOL         (T1) 10**   -6
 NUMBER OF SHELLS           468  COULOMB PENETRATION TOL     (T2) 10**   -6
 NUMBER OF AO               948  EXCHANGE OVERLAP TOL        (T3) 10**   -6
 N. OF ELECTRONS PER CELL   396  EXCHANGE PSEUDO OVP (F(G))  (T4) 10**   -6
 CORE ELECTRONS PER CELL    120  EXCHANGE PSEUDO OVP (P(G))  (T5) 10**  -12
 N. OF SYMMETRY OPERATORS     1  POLE ORDER IN MONO ZONE                  4
 *******************************************************************************
 TYPE OF CALCULATION :  RESTRICTED CLOSED SHELL
 KOHN-SHAM HAMILTONIAN

 (EXCHANGE)[CORRELATION] FUNCTIONAL:(HSEsol GGA)[PBEsol]

 RANGE-SEPARATED HYBRID FUNCTIONAL 
 OMEGA (SHORT-RANGE)[LONG-RANGE]:(    0.1100)[    0.0000]

 HYBRID EXCHANGE - PERCENTAGE OF FOCK EXCHANGE    25.0000

 CAPPA:IS1  2;IS2  2;IS3  8; K PTS MONK NET  20; SYMMOPS:K SPACE   2;G SPACE   1

 *******************************************************************************
 MAX NUMBER OF SCF CYCLES      50  CONVERGENCE ON DELTAP        10**-16
 WEIGHT OF F(I) IN F(I+1)      30% CONVERGENCE ON ENERGY        10**- 6
 SHRINK. FACT.(MONKH.)    2  2  8  NUMBER OF K POINTS IN THE IBZ     20
 SHRINKING FACTOR(GILAT NET)    8  NUMBER OF K POINTS(GILAT NET)   1028
 *******************************************************************************
 *** K POINTS COORDINATES (OBLIQUE COORDINATES IN UNITS OF IS =  2)
   1-R(  0  0  0)   2-R(  1  0  0)   3-R(  0  1  0)   4-R(  1  1  0)
   5-C(  0  0  1)   6-C(  1  0  1)   7-C(  0  1  1)   8-C(  1  1  1)
   9-C(  0  0  2)  10-C(  1  0  2)  11-C(  0  1  2)  12-C(  1  1  2)
  13-C(  0  0  3)  14-C(  1  0  3)  15-C(  0  1  3)  16-C(  1  1  3)
  17-R(  0  0  4)  18-R(  1  0  4)  19-R(  0  1  4)  20-R(  1  1  4)

 DIRECT LATTICE VECTORS COMPON. (A.U.)     RECIP. LATTICE VECTORS COMPON. (A.U.) 
        X            Y            Z              X            Y            Z
   24.5879030  -14.1935232    0.0000000      0.2555397    0.0000000    0.0000005
    0.0000000   28.3910867    0.0000000      0.1277517    0.2213084    0.0000015
   -0.0000345   -0.0000916   16.2516448      0.0000000    0.0000000    0.3866184

 DISK SPACE FOR EIGENVECTORS (FTN 10)    28758528 REALS

 SYMMETRY ADAPTION OF THE BLOCH FUNCTIONS DISABLED
 TTTTTTTTTTTTTTTTTTTTTTTTTTTTTT gordsh1     TELAPSE        0.06 TCPU        0.06

 MATRIX SIZE: P(G)  551318, F(G)  108998, P(G) IRR  277561, F(G) IRR  109958
 MAX G-VECTOR INDEX FOR 1- AND 2-ELECTRON INTEGRALS  43

 TTTTTTTTTTTTTTTTTTTTTTTTTTTTTT INPUT       TELAPSE        2.73 TCPU        2.73

 NEIGHBORS OF THE NON-EQUIVALENT ATOMS

 N = NUMBER OF NEIGHBORS AT DISTANCE R
    ATOM  N     R/ANG      R/AU   NEIGHBORS (ATOM LABELS AND CELL INDICES)
   1 B    1     1.3791     2.6061   73 O   -1 0 0
   1 B    1     1.3793     2.6065   75 O    0 0 0
   1 B    1     1.5503     2.9297   49 C   -1 0 0
   1 B    1     2.3895     4.5155    5 B    0 1 0
   1 B    1     2.3898     4.5160    3 B    0 0 0
   1 B    1     2.5632     4.8437   51 C    0 0 0

   2 B    1     1.3791     2.6061   74 O    0 0 0
   2 B    1     1.3793     2.6065   76 O    0 0 0
   2 B    1     1.5503     2.9297   50 C    0 0 0
   2 B    1     2.3895     4.5155    6 B    0 0 0
   2 B    1     2.3898     4.5160    4 B    0 0 0
   2 B    1     2.5632     4.8437   52 C    0 0 0

   3 B    1     1.3793     2.6065   77 O    0 1 0
   3 B    1     1.3793     2.6065   75 O    0 0 0
   3 B    1     1.5504     2.9298   37 C    0 0 0
   3 B    1     2.3895     4.5156    5 B    0 1 0
   3 B    1     2.3898     4.5160    1 B    0 0 0
   3 B    1     2.5634     4.8440   43 C    0 1 0

   4 B    1     1.3793     2.6065   78 O    0 0 0
   4 B    1     1.3793     2.6065   76 O    0 0 0
   4 B    1     1.5504     2.9298   38 C    0 0 0
   4 B    1     2.3895     4.5156    6 B    0 0 0
   4 B    1     2.3898     4.5160    2 B    0 0 0
   4 B    1     2.5634     4.8440   44 C    0 0 0

   5 B    1     1.3791     2.6061   73 O   -1-1 0
   5 B    1     1.3793     2.6064   77 O    0 0 0
   5 B    1     1.5502     2.9294   61 C   -1-1 0
   5 B    1     2.3895     4.5155    1 B    0-1 0
   5 B    1     2.3895     4.5156    3 B    0-1 0
   5 B    1     2.5629     4.8433   63 C    0 0 0

   6 B    1     1.3791     2.6061   74 O    0 0 0
   6 B    1     1.3793     2.6064   78 O    0 0 0
   6 B    1     1.5502     2.9294   62 C    0 0 0
   6 B    1     2.3895     4.5155    2 B    0 0 0
   6 B    1     2.3895     4.5156    4 B    0 0 0
   6 B    1     2.5629     4.8433   64 C    0 0 0

   7 B    1     1.3795     2.6068   79 O    0 0 0
   7 B    1     1.3795     2.6070   81 O    0-1 0
   7 B    1     1.5513     2.9316   47 C    0 0 0
   7 B    1     2.3905     4.5174   11 B    0 0 0
   7 B    1     2.3905     4.5175    9 B    0-1 0
   7 B    1     2.5648     4.8468   45 C    0-1 0

   8 B    1     1.3795     2.6068   80 O    0 0 0
   8 B    1     1.3795     2.6070   82 O    0 0 0
   8 B    1     1.5513     2.9316   48 C    0 0 0
   8 B    1     2.3905     4.5174   12 B    1 1 0
   8 B    1     2.3905     4.5175   10 B    1 0 0
   8 B    1     2.5648     4.8468   46 C    0 0 0

   9 B    1     1.3795     2.6069   81 O    0 0 0
   9 B    1     1.3797     2.6072   83 O    1 1 0
   9 B    1     1.5516     2.9322   71 C    0 0 0
   9 B    1     2.3905     4.5175    7 B    0 1 0
   9 B    1     2.3911     4.5185   11 B    0 1 0
   9 B    1     2.5651     4.8473   69 C    1 1 0

  10 B    1     1.3795     2.6069   82 O   -1 0 0
  10 B    1     1.3797     2.6072   84 O    0 1 0
  10 B    1     1.5516     2.9322   72 C    0 0 0
  10 B    1     2.3905     4.5175    8 B   -1 0 0
  10 B    1     2.3911     4.5185   12 B    0 1 0
  10 B    1     2.5651     4.8473   70 C    0 0 0

  11 B    1     1.3795     2.6068   79 O    0 0 0
  11 B    1     1.3796     2.6071   83 O    1 0 0
  11 B    1     1.5516     2.9322   59 C    0 0 0
  11 B    1     2.3905     4.5174    7 B    0 0 0
  11 B    1     2.3911     4.5185    9 B    0-1 0
  11 B    1     2.5651     4.8473   57 C    1 0 0

  12 B    1     1.3795     2.6068   80 O   -1-1 0
  12 B    1     1.3796     2.6071   84 O    0 0 0
  12 B    1     1.5516     2.9322   60 C    0 0 0
  12 B    1     2.3905     4.5174    8 B   -1-1 0
  12 B    1     2.3911     4.5185   10 B    0-1 0
  12 B    1     2.5651     4.8473   58 C    0 0 0

  13 H    1     1.0913     2.0623   39 C    0 0 0
  13 H    1     2.1472     4.0576   37 C    0 0 0
  13 H    1     2.1680     4.0969   45 C    0 0 0
  13 H    1     2.5202     4.7625   19 H    0 0 0
  13 H    1     2.5676     4.8520   75 O    0 0 0
  13 H    1     2.7321     5.1630    3 B    0 0 0

  14 H    1     1.0913     2.0623   40 C    0 0 0
  14 H    1     2.1472     4.0576   38 C    0 0 0
  14 H    1     2.1680     4.0969   46 C    0 0 0
  14 H    1     2.5202     4.7625   20 H    0 0 0
  14 H    1     2.5676     4.8520   76 O    0 0 0
  14 H    1     2.7321     5.1630    4 B    0 0 0

  15 H    1     1.0914     2.0625   41 C    0 0 0
  15 H    1     2.1493     4.0616   47 C    0 0 0
  15 H    1     2.1666     4.0942   43 C    0 0 0
  15 H    1     2.5198     4.7618   17 H    0 0 0
  15 H    1     2.5720     4.8604   79 O    0 0 0
  15 H    1     2.7362     5.1707    7 B    0 0 0

  16 H    1     1.0914     2.0625   42 C    0 0 0
  16 H    1     2.1493     4.0616   48 C    0 0 0
  16 H    1     2.1666     4.0942   44 C    0 0 0
  16 H    1     2.5198     4.7618   18 H    0 0 0
  16 H    1     2.5720     4.8604   80 O    0 0 0
  16 H    1     2.7362     5.1707    8 B    0 0 0

  17 H    1     1.0914     2.0624   43 C    0 0 0
  17 H    1     2.1471     4.0575   37 C    0-1 0
  17 H    1     2.1680     4.0970   41 C    0 0 0
  17 H    1     2.5198     4.7618   15 H    0 0 0
  17 H    1     2.5665     4.8500   77 O    0 0 0
  17 H    1     2.7315     5.1618    3 B    0-1 0

  18 H    1     1.0914     2.0624   44 C    0 0 0
  18 H    1     2.1471     4.0575   38 C    0 0 0
  18 H    1     2.1680     4.0970   42 C    0 0 0
  18 H    1     2.5198     4.7618   16 H    0 0 0
  18 H    1     2.5665     4.8500   78 O    0 0 0
  18 H    1     2.7315     5.1618    4 B    0 0 0

  19 H    1     1.0915     2.0626   45 C    0 0 0
  19 H    1     2.1490     4.0610   47 C    0 1 0
  19 H    1     2.1669     4.0948   39 C    0 0 0
  19 H    1     2.5202     4.7625   13 H    0 0 0
  19 H    1     2.5712     4.8588   81 O    0 0 0
  19 H    1     2.7351     5.1686    7 B    0 1 0

  20 H    1     1.0915     2.0626   46 C    0 0 0
  20 H    1     2.1490     4.0610   48 C    0 0 0
  20 H    1     2.1669     4.0948   40 C    0 0 0
  20 H    1     2.5202     4.7625   14 H    0 0 0
  20 H    1     2.5712     4.8588   82 O    0 0 0
  20 H    1     2.7351     5.1686    8 B    0 0 0

  21 H    1     1.0913     2.0623   51 C    0 0 0
  21 H    1     2.1469     4.0571   49 C   -1 0 0
  21 H    1     2.1680     4.0968   57 C    0 0 0
  21 H    1     2.5198     4.7617   27 H    0 0 0
  21 H    1     2.5670     4.8510   75 O    0 0 0
  21 H    1     2.7310     5.1609    1 B    0 0 0

  22 H    1     1.0913     2.0623   52 C    0 0 0
  22 H    1     2.1469     4.0571   50 C    0 0 0
  22 H    1     2.1680     4.0968   58 C    0 0 0
  22 H    1     2.5198     4.7617   28 H    0 0 0
  22 H    1     2.5670     4.8510   76 O    0 0 0
  22 H    1     2.7310     5.1609    2 B    0 0 0

  23 H    1     1.0914     2.0625   53 C    0 0 0
  23 H    1     2.1493     4.0617   59 C    0 0 0
  23 H    1     2.1664     4.0939   55 C    0 0 0
  23 H    1     2.5192     4.7606   25 H    0 0 0
  23 H    1     2.5735     4.8632   79 O    0 0 0
  23 H    1     2.7371     5.1723   11 B    0 0 0

  24 H    1     1.0914     2.0625   54 C    0 0 0
  24 H    1     2.1493     4.0617   60 C    0 0 0
  24 H    1     2.1664     4.0939   56 C    0 0 0
  24 H    1     2.5192     4.7606   26 H    0 0 0
  24 H    1     2.5735     4.8632   80 O   -1-1 0
  24 H    1     2.7371     5.1723   12 B    0 0 0

  25 H    1     1.0914     2.0624   55 C    0 0 0
  25 H    1     2.1475     4.0581   49 C    0 0 0
  25 H    1     2.1679     4.0967   53 C    0 0 0
  25 H    1     2.5192     4.7606   23 H    0 0 0
  25 H    1     2.5675     4.8519   73 O    0 0 0
  25 H    1     2.7328     5.1643    1 B    1 0 0

  26 H    1     1.0914     2.0624   56 C    0 0 0
  26 H    1     2.1475     4.0581   50 C    0 0 0
  26 H    1     2.1679     4.0967   54 C    0 0 0
  26 H    1     2.5192     4.7606   24 H    0 0 0
  26 H    1     2.5675     4.8519   74 O    0 0 0
  26 H    1     2.7328     5.1643    2 B    0 0 0

  27 H    1     1.0914     2.0625   57 C    0 0 0
  27 H    1     2.1491     4.0612   59 C   -1 0 0
  27 H    1     2.1666     4.0942   51 C    0 0 0
  27 H    1     2.5198     4.7617   21 H    0 0 0
  27 H    1     2.5723     4.8609   83 O    0 0 0
  27 H    1     2.7355     5.1693   11 B   -1 0 0

  28 H    1     1.0914     2.0625   58 C    0 0 0
  28 H    1     2.1491     4.0612   60 C    0 0 0
  28 H    1     2.1666     4.0942   52 C    0 0 0
  28 H    1     2.5198     4.7617   22 H    0 0 0
  28 H    1     2.5723     4.8609   84 O    0 0 0
  28 H    1     2.7355     5.1693   12 B    0 0 0

  29 H    1     1.0914     2.0624   63 C    0 0 0
  29 H    1     2.1475     4.0582   61 C   -1-1 0
  29 H    1     2.1678     4.0966   69 C    0 0 0
  29 H    1     2.5200     4.7621   35 H    0 0 0
  29 H    1     2.5667     4.8503   77 O    0 0 0
  29 H    1     2.7315     5.1618    5 B    0 0 0

  30 H    1     1.0914     2.0624   64 C    0 0 0
  30 H    1     2.1475     4.0582   62 C    0 0 0
  30 H    1     2.1678     4.0966   70 C    0 0 0
  30 H    1     2.5200     4.7621   36 H    0 0 0
  30 H    1     2.5667     4.8503   78 O    0 0 0
  30 H    1     2.7315     5.1618    6 B    0 0 0

  31 H    1     1.0913     2.0623   65 C    0 0 0
  31 H    1     2.1487     4.0605   71 C    0 0 0
  31 H    1     2.1667     4.0945   67 C    0 0 0
  31 H    1     2.5197     4.7616   33 H    0 0 0
  31 H    1     2.5723     4.8610   81 O    0 0 0
  31 H    1     2.7359     5.1701    9 B    0 0 0

  32 H    1     1.0913     2.0623   66 C    0 0 0
  32 H    1     2.1487     4.0605   72 C    0 0 0
  32 H    1     2.1667     4.0945   68 C    0 0 0
  32 H    1     2.5197     4.7616   34 H    0 0 0
  32 H    1     2.5723     4.8610   82 O   -1 0 0
  32 H    1     2.7359     5.1701   10 B    0 0 0

  33 H    1     1.0915     2.0626   67 C    0 0 0
  33 H    1     2.1479     4.0589   61 C    0 0 0
  33 H    1     2.1679     4.0968   65 C    0 0 0
  33 H    1     2.5197     4.7616   31 H    0 0 0
  33 H    1     2.5677     4.8522   73 O    0 0 0
  33 H    1     2.7331     5.1648    5 B    1 1 0

  34 H    1     1.0915     2.0626   68 C    0 0 0
  34 H    1     2.1479     4.0589   62 C    0 0 0
  34 H    1     2.1679     4.0968   66 C    0 0 0
  34 H    1     2.5197     4.7616   32 H    0 0 0
  34 H    1     2.5677     4.8522   74 O    0 0 0
  34 H    1     2.7331     5.1648    6 B    0 0 0

  35 H    1     1.0914     2.0624   69 C    0 0 0
  35 H    1     2.1486     4.0602   71 C   -1-1 0
  35 H    1     2.1668     4.0947   63 C    0 0 0
  35 H    1     2.5200     4.7621   29 H    0 0 0
  35 H    1     2.5717     4.8598   83 O    0 0 0
  35 H    1     2.7349     5.1682    9 B   -1-1 0

  36 H    1     1.0914     2.0624   70 C    0 0 0
  36 H    1     2.1486     4.0602   72 C    0 0 0
  36 H    1     2.1668     4.0947   64 C    0 0 0
  36 H    1     2.5200     4.7621   30 H    0 0 0
  36 H    1     2.5717     4.8598   84 O    0 1 0
  36 H    1     2.7349     5.1682   10 B    0 0 0

  37 C    1     1.4020     2.6495   43 C    0 1 0
  37 C    1     1.4021     2.6495   39 C    0 0 0
  37 C    1     1.5504     2.9298    3 B    0 0 0
  37 C    1     2.1471     4.0575   17 H    0 1 0
  37 C    1     2.1472     4.0576   13 H    0 0 0
  37 C    1     2.4246     4.5817   41 C    0 1 0

  38 C    1     1.4020     2.6495   44 C    0 0 0
  38 C    1     1.4021     2.6495   40 C    0 0 0
  38 C    1     1.5504     2.9298    4 B    0 0 0
  38 C    1     2.1471     4.0575   18 H    0 0 0
  38 C    1     2.1472     4.0576   14 H    0 0 0
  38 C    1     2.4246     4.5817   42 C    0 0 0

  39 C    1     1.0913     2.0623   13 H    0 0 0
  39 C    1     1.3914     2.6294   45 C    0 0 0
  39 C    1     1.4021     2.6495   37 C    0 0 0
  39 C    1     2.1669     4.0948   19 H    0 0 0
  39 C    1     2.4177     4.5688   43 C    0 1 0
  39 C    1     2.4250     4.5825   47 C    0 1 0

  40 C    1     1.0913     2.0623   14 H    0 0 0
  40 C    1     1.3914     2.6294   46 C    0 0 0
  40 C    1     1.4021     2.6495   38 C    0 0 0
  40 C    1     2.1669     4.0948   20 H    0 0 0
  40 C    1     2.4177     4.5688   44 C    0 0 0
  40 C    1     2.4250     4.5825   48 C    0 0 0

  41 C    1     1.0914     2.0625   15 H    0 0 0
  41 C    1     1.3914     2.6293   43 C    0 0 0
  41 C    1     1.4026     2.6505   47 C    0 0 0
  41 C    1     2.1680     4.0970   17 H    0 0 0
  41 C    1     2.4182     4.5697   45 C    0-1 0
  41 C    1     2.4246     4.5817   37 C    0-1 0

  42 C    1     1.0914     2.0625   16 H    0 0 0
  42 C    1     1.3914     2.6293   44 C    0 0 0
  42 C    1     1.4026     2.6505   48 C    0 0 0
  42 C    1     2.1680     4.0970   18 H    0 0 0
  42 C    1     2.4182     4.5697   46 C    0 0 0
  42 C    1     2.4246     4.5817   38 C    0 0 0

  43 C    1     1.0914     2.0624   17 H    0 0 0
  43 C    1     1.3914     2.6293   41 C    0 0 0
  43 C    1     1.4020     2.6495   37 C    0-1 0
  43 C    1     2.1666     4.0942   15 H    0 0 0
  43 C    1     2.4177     4.5688   39 C    0-1 0
  43 C    1     2.4250     4.5826   47 C    0 0 0

  44 C    1     1.0914     2.0624   18 H    0 0 0
  44 C    1     1.3914     2.6293   42 C    0 0 0
  44 C    1     1.4020     2.6495   38 C    0 0 0
  44 C    1     2.1666     4.0942   16 H    0 0 0
  44 C    1     2.4177     4.5688   40 C    0 0 0
  44 C    1     2.4250     4.5826   48 C    0 0 0

  45 C    1     1.0915     2.0626   19 H    0 0 0
  45 C    1     1.3914     2.6294   39 C    0 0 0
  45 C    1     1.4025     2.6504   47 C    0 1 0
  45 C    1     2.1680     4.0969   13 H    0 0 0
  45 C    1     2.4182     4.5697   41 C    0 1 0
  45 C    1     2.4246     4.5818   37 C    0 0 0

  46 C    1     1.0915     2.0626   20 H    0 0 0
  46 C    1     1.3914     2.6294   40 C    0 0 0
  46 C    1     1.4025     2.6504   48 C    0 0 0
  46 C    1     2.1680     4.0969   14 H    0 0 0
  46 C    1     2.4182     4.5697   42 C    0 0 0
  46 C    1     2.4246     4.5818   38 C    0 0 0

  47 C    1     1.4025     2.6504   45 C    0-1 0
  47 C    1     1.4026     2.6505   41 C    0 0 0
  47 C    1     1.5513     2.9316    7 B    0 0 0
  47 C    1     2.1490     4.0610   19 H    0-1 0
  47 C    1     2.1493     4.0616   15 H    0 0 0
  47 C    1     2.4250     4.5825   39 C    0-1 0

  48 C    1     1.4025     2.6504   46 C    0 0 0
  48 C    1     1.4026     2.6505   42 C    0 0 0
  48 C    1     1.5513     2.9316    8 B    0 0 0
  48 C    1     2.1490     4.0610   20 H    0 0 0
  48 C    1     2.1493     4.0616   16 H    0 0 0
  48 C    1     2.4250     4.5825   40 C    0 0 0

  49 C    1     1.4020     2.6494   51 C    1 0 0
  49 C    1     1.4021     2.6495   55 C    0 0 0
  49 C    1     1.5503     2.9297    1 B    1 0 0
  49 C    1     2.1469     4.0571   21 H    1 0 0
  49 C    1     2.1475     4.0581   25 H    0 0 0
  49 C    1     2.4246     4.5818   53 C    0 0 0

  50 C    1     1.4020     2.6494   52 C    0 0 0
  50 C    1     1.4021     2.6495   56 C    0 0 0
  50 C    1     1.5503     2.9297    2 B    0 0 0
  50 C    1     2.1469     4.0571   22 H    0 0 0
  50 C    1     2.1475     4.0581   26 H    0 0 0
  50 C    1     2.4246     4.5818   54 C    0 0 0

  51 C    1     1.0913     2.0623   21 H    0 0 0
  51 C    1     1.3914     2.6293   57 C    0 0 0
  51 C    1     1.4020     2.6494   49 C   -1 0 0
  51 C    1     2.1666     4.0942   27 H    0 0 0
  51 C    1     2.4175     4.5684   55 C   -1 0 0
  51 C    1     2.4251     4.5828   59 C   -1 0 0

  52 C    1     1.0913     2.0623   22 H    0 0 0
  52 C    1     1.3914     2.6293   58 C    0 0 0
  52 C    1     1.4020     2.6494   50 C    0 0 0
  52 C    1     2.1666     4.0942   28 H    0 0 0
  52 C    1     2.4175     4.5684   56 C    0 0 0
  52 C    1     2.4251     4.5828   60 C    0 0 0

  53 C    1     1.0914     2.0625   23 H    0 0 0
  53 C    1     1.3915     2.6295   55 C    0 0 0
  53 C    1     1.4026     2.6505   59 C    0 0 0
  53 C    1     2.1679     4.0967   25 H    0 0 0
  53 C    1     2.4179     4.5691   57 C    1 0 0
  53 C    1     2.4246     4.5818   49 C    0 0 0

  54 C    1     1.0914     2.0625   24 H    0 0 0
  54 C    1     1.3915     2.6295   56 C    0 0 0
  54 C    1     1.4026     2.6505   60 C    0 0 0
  54 C    1     2.1679     4.0967   26 H    0 0 0
  54 C    1     2.4179     4.5691   58 C    0 0 0
  54 C    1     2.4246     4.5818   50 C    0 0 0

  55 C    1     1.0914     2.0624   25 H    0 0 0
  55 C    1     1.3915     2.6295   53 C    0 0 0
  55 C    1     1.4021     2.6495   49 C    0 0 0
  55 C    1     2.1664     4.0939   23 H    0 0 0
  55 C    1     2.4175     4.5684   51 C    1 0 0
  55 C    1     2.4253     4.5832   59 C    0 0 0

  56 C    1     1.0914     2.0624   26 H    0 0 0
  56 C    1     1.3915     2.6295   54 C    0 0 0
  56 C    1     1.4021     2.6495   50 C    0 0 0
  56 C    1     2.1664     4.0939   24 H    0 0 0
  56 C    1     2.4175     4.5684   52 C    0 0 0
  56 C    1     2.4253     4.5832   60 C    0 0 0

  57 C    1     1.0914     2.0625   27 H    0 0 0
  57 C    1     1.3914     2.6293   51 C    0 0 0
  57 C    1     1.4025     2.6504   59 C   -1 0 0
  57 C    1     2.1680     4.0968   21 H    0 0 0
  57 C    1     2.4179     4.5691   53 C   -1 0 0
  57 C    1     2.4247     4.5819   49 C   -1 0 0

  58 C    1     1.0914     2.0625   28 H    0 0 0
  58 C    1     1.3914     2.6293   52 C    0 0 0
  58 C    1     1.4025     2.6504   60 C    0 0 0
  58 C    1     2.1680     4.0968   22 H    0 0 0
  58 C    1     2.4179     4.5691   54 C    0 0 0
  58 C    1     2.4247     4.5819   50 C    0 0 0

  59 C    1     1.4025     2.6504   57 C    1 0 0
  59 C    1     1.4026     2.6505   53 C    0 0 0
  59 C    1     1.5516     2.9322   11 B    0 0 0
  59 C    1     2.1491     4.0612   27 H    1 0 0
  59 C    1     2.1493     4.0617   23 H    0 0 0
  59 C    1     2.4251     4.5828   51 C    1 0 0

  60 C    1     1.4025     2.6504   58 C    0 0 0
  60 C    1     1.4026     2.6505   54 C    0 0 0
  60 C    1     1.5516     2.9322   12 B    0 0 0
  60 C    1     2.1491     4.0612   28 H    0 0 0
  60 C    1     2.1493     4.0617   24 H    0 0 0
  60 C    1     2.4251     4.5828   52 C    0 0 0

  61 C    1     1.4021     2.6496   63 C    1 1 0
  61 C    1     1.4021     2.6497   67 C    0 0 0
  61 C    1     1.5502     2.9294    5 B    1 1 0
  61 C    1     2.1475     4.0582   29 H    1 1 0
  61 C    1     2.1479     4.0589   33 H    0 0 0
  61 C    1     2.4244     4.5814   65 C    0 0 0

  62 C    1     1.4021     2.6496   64 C    0 0 0
  62 C    1     1.4021     2.6497   68 C    0 0 0
  62 C    1     1.5502     2.9294    6 B    0 0 0
  62 C    1     2.1475     4.0582   30 H    0 0 0
  62 C    1     2.1479     4.0589   34 H    0 0 0
  62 C    1     2.4244     4.5814   66 C    0 0 0

  63 C    1     1.0914     2.0624   29 H    0 0 0
  63 C    1     1.3914     2.6293   69 C    0 0 0
  63 C    1     1.4021     2.6496   61 C   -1-1 0
  63 C    1     2.1668     4.0947   35 H    0 0 0
  63 C    1     2.4179     4.5692   67 C   -1-1 0
  63 C    1     2.4251     4.5827   71 C   -1-1 0

  64 C    1     1.0914     2.0624   30 H    0 0 0
  64 C    1     1.3914     2.6293   70 C    0 0 0
  64 C    1     1.4021     2.6496   62 C    0 0 0
  64 C    1     2.1668     4.0947   36 H    0 0 0
  64 C    1     2.4179     4.5692   68 C    0 0 0
  64 C    1     2.4251     4.5827   72 C    0 0 0

  65 C    1     1.0913     2.0623   31 H    0 0 0
  65 C    1     1.3914     2.6294   67 C    0 0 0
  65 C    1     1.4025     2.6504   71 C    0 0 0
  65 C    1     2.1679     4.0968   33 H    0 0 0
  65 C    1     2.4178     4.5690   69 C    1 1 0
  65 C    1     2.4244     4.5814   61 C    0 0 0

  66 C    1     1.0913     2.0623   32 H    0 0 0
  66 C    1     1.3914     2.6294   68 C    0 0 0
  66 C    1     1.4025     2.6504   72 C    0 0 0
  66 C    1     2.1679     4.0968   34 H    0 0 0
  66 C    1     2.4178     4.5690   70 C    0 0 0
  66 C    1     2.4244     4.5814   62 C    0 0 0

  67 C    1     1.0915     2.0626   33 H    0 0 0
  67 C    1     1.3914     2.6294   65 C    0 0 0
  67 C    1     1.4021     2.6497   61 C    0 0 0
  67 C    1     2.1667     4.0945   31 H    0 0 0
  67 C    1     2.4179     4.5692   63 C    1 1 0
  67 C    1     2.4253     4.5832   71 C    0 0 0

  68 C    1     1.0915     2.0626   34 H    0 0 0
  68 C    1     1.3914     2.6294   66 C    0 0 0
  68 C    1     1.4021     2.6497   62 C    0 0 0
  68 C    1     2.1667     4.0945   32 H    0 0 0
  68 C    1     2.4179     4.5692   64 C    0 0 0
  68 C    1     2.4253     4.5832   72 C    0 0 0

  69 C    1     1.0914     2.0624   35 H    0 0 0
  69 C    1     1.3914     2.6293   63 C    0 0 0
  69 C    1     1.4025     2.6503   71 C   -1-1 0
  69 C    1     2.1678     4.0966   29 H    0 0 0
  69 C    1     2.4178     4.5690   65 C   -1-1 0
  69 C    1     2.4245     4.5817   61 C   -1-1 0

  70 C    1     1.0914     2.0624   36 H    0 0 0
  70 C    1     1.3914     2.6293   64 C    0 0 0
  70 C    1     1.4025     2.6503   72 C    0 0 0
  70 C    1     2.1678     4.0966   30 H    0 0 0
  70 C    1     2.4178     4.5690   66 C    0 0 0
  70 C    1     2.4245     4.5817   62 C    0 0 0

  71 C    1     1.4025     2.6503   69 C    1 1 0
  71 C    1     1.4025     2.6504   65 C    0 0 0
  71 C    1     1.5516     2.9322    9 B    0 0 0
  71 C    1     2.1486     4.0602   35 H    1 1 0
  71 C    1     2.1487     4.0605   31 H    0 0 0
  71 C    1     2.4251     4.5827   63 C    1 1 0

  72 C    1     1.4025     2.6503   70 C    0 0 0
  72 C    1     1.4025     2.6504   66 C    0 0 0
  72 C    1     1.5516     2.9322   10 B    0 0 0
  72 C    1     2.1486     4.0602   36 H    0 0 0
  72 C    1     2.1487     4.0605   32 H    0 0 0
  72 C    1     2.4251     4.5827   64 C    0 0 0

  73 O    1     1.3791     2.6061    1 B    1 0 0
  73 O    1     1.3791     2.6061    5 B    1 1 0
  73 O    1     2.3880     4.5126   75 O    1 0 0
  73 O    1     2.3882     4.5130   77 O    1 1 0
  73 O    1     2.5383     4.7966   61 C    0 0 0
  73 O    1     2.5384     4.7968   49 C    0 0 0

  74 O    1     1.3791     2.6061    2 B    0 0 0
  74 O    1     1.3791     2.6061    6 B    0 0 0
  74 O    1     2.3880     4.5126   76 O    0 0 0
  74 O    1     2.3882     4.5130   78 O    0 0 0
  74 O    1     2.5383     4.7966   62 C    0 0 0
  74 O    1     2.5384     4.7968   50 C    0 0 0

  75 O    1     1.3793     2.6065    1 B    0 0 0
  75 O    1     1.3793     2.6065    3 B    0 0 0
  75 O    1     2.3880     4.5126   73 O   -1 0 0
  75 O    1     2.3882     4.5131   77 O    0 1 0
  75 O    1     2.5391     4.7981   37 C    0 0 0
  75 O    1     2.5395     4.7990   49 C   -1 0 0

  76 O    1     1.3793     2.6065    2 B    0 0 0
  76 O    1     1.3793     2.6065    4 B    0 0 0
  76 O    1     2.3880     4.5126   74 O    0 0 0
  76 O    1     2.3882     4.5131   78 O    0 0 0
  76 O    1     2.5391     4.7981   38 C    0 0 0
  76 O    1     2.5395     4.7990   50 C    0 0 0

  77 O    1     1.3793     2.6064    5 B    0 0 0
  77 O    1     1.3793     2.6065    3 B    0-1 0
  77 O    1     2.3882     4.5130   73 O   -1-1 0
  77 O    1     2.3882     4.5131   75 O    0-1 0
  77 O    1     2.5390     4.7980   37 C    0-1 0
  77 O    1     2.5391     4.7982   61 C   -1-1 0

  78 O    1     1.3793     2.6064    6 B    0 0 0
  78 O    1     1.3793     2.6065    4 B    0 0 0
  78 O    1     2.3882     4.5130   74 O    0 0 0
  78 O    1     2.3882     4.5131   76 O    0 0 0
  78 O    1     2.5390     4.7980   38 C    0 0 0
  78 O    1     2.5391     4.7982   62 C    0 0 0

  79 O    1     1.3795     2.6068   11 B    0 0 0
  79 O    1     1.3795     2.6068    7 B    0 0 0
  79 O    1     2.3880     4.5126   83 O    1 0 0
  79 O    1     2.3884     4.5134   81 O    0-1 0
  79 O    1     2.5400     4.7998   47 C    0 0 0
  79 O    1     2.5403     4.8005   59 C    0 0 0

  80 O    1     1.3795     2.6068   12 B    1 1 0
  80 O    1     1.3795     2.6068    8 B    0 0 0
  80 O    1     2.3880     4.5126   84 O    1 1 0
  80 O    1     2.3884     4.5134   82 O    0 0 0
  80 O    1     2.5400     4.7998   48 C    0 0 0
  80 O    1     2.5403     4.8005   60 C    1 1 0

  81 O    1     1.3795     2.6069    9 B    0 0 0
  81 O    1     1.3795     2.6070    7 B    0 1 0
  81 O    1     2.3881     4.5128   83 O    1 1 0
  81 O    1     2.3884     4.5134   79 O    0 1 0
  81 O    1     2.5404     4.8006   47 C    0 1 0
  81 O    1     2.5405     4.8008   71 C    0 0 0

  82 O    1     1.3795     2.6069   10 B    1 0 0
  82 O    1     1.3795     2.6070    8 B    0 0 0
  82 O    1     2.3881     4.5128   84 O    1 1 0
  82 O    1     2.3884     4.5134   80 O    0 0 0
  82 O    1     2.5404     4.8006   48 C    0 0 0
  82 O    1     2.5405     4.8008   72 C    1 0 0

  83 O    1     1.3796     2.6071   11 B   -1 0 0
  83 O    1     1.3797     2.6072    9 B   -1-1 0
  83 O    1     2.3880     4.5126   79 O   -1 0 0
  83 O    1     2.3881     4.5128   81 O   -1-1 0
  83 O    1     2.5409     4.8016   71 C   -1-1 0
  83 O    1     2.5410     4.8019   59 C   -1 0 0

  84 O    1     1.3796     2.6071   12 B    0 0 0
  84 O    1     1.3797     2.6072   10 B    0-1 0
  84 O    1     2.3880     4.5126   80 O   -1-1 0
  84 O    1     2.3881     4.5128   82 O   -1-1 0
  84 O    1     2.5409     4.8016   72 C    0-1 0
  84 O    1     2.5410     4.8019   60 C    0 0 0


 SYMMETRY ALLOWED INTERNAL DEGREE(S) OF FREEDOM: 249
 TTTTTTTTTTTTTTTTTTTTTTTTTTTTTT SYMM        TELAPSE        2.74 TCPU        2.73
 TTTTTTTTTTTTTTTTTTTTTTTTTTTTTT INT_SCREEN  TELAPSE        2.92 TCPU        2.92

 DFT PARAMETERS

     ATOM       ELECTRONS   NET CHARGE   R(ANGSTROM)
   1   5  B       5.0000      0.0000     0.89000000
  13   1  H       1.0000      0.0000     1.11000000
  37   6  C       6.0000      0.0000     0.77000000
  73   8  O       8.0000      0.0000     0.74000000

 SIZE OF GRID=    2677465
 TTTTTTTTTTTTTTTTTTTTTTTTTTTTTT MAKE_GRID2  TELAPSE       18.33 TCPU       18.32
 BECKE WEIGHT FUNCTION
 RADSAFE =     2.00
 TOLERANCES - DENSITY:10**- 6; POTENTIAL:10**- 9; GRID WGT:10**-14

 RADIAL INTEGRATION  - INTERVALS (POINTS,UPPER LIMIT):            1( 75,  4.0*R)

 ANGULAR INTEGRATION - INTERVALS (ACCURACY LEVEL [N. POINTS] UPPER LIMIT):
  1(  4[  86]   0.2)  2(  8[ 194]   0.5)  3( 12[ 350]   0.9)  4( 16[ 974]   3.5)
  5( 12[ 350]9999.0)
 TTTTTTTTTTTTTTTTTTTTTTTTTTTTTT INT_CALC    TELAPSE       18.63 TCPU       18.62
 EEEEEEEEEE INT_CALC TERMINATION  DATE 19 02 2026 TIME 20:28:36.9

 *******************************************************************************
 cof-1_z43_L087_serr                                                             
 CRYSTAL - SCF - TYPE OF CALCULATION :  RESTRICTED CLOSED SHELL
 *******************************************************************************

 CAPPA:IS1  2;IS2  2;IS3  8; K PTS MONK NET  20; SYMMOPS:K SPACE   2;G SPACE   1

 TTTTTTTTTTTTTTTTTTTTTTTTTTTTTT SDIK        TELAPSE       21.12 TCPU       38.88

 AAAAAAAAAAAAAAAAAAAAAAAAAAAAAAAAAAAAAAAAAAAAAAAAAAAAAAAAAAAAAAAAAAAAAAAAAAAAAAA
         ATOMIC WAVEFUNCTION(S)


 NUCLEAR CHARGE  5.0  SYMMETRY SPECIES            S    P
 N. ELECTRONS    5.0  NUMBER OF PRIMITIVE GTOS    8    4
                      NUMBER OF CONTRACTED GTOS   4    2
                      NUMBER OF CLOSED SHELLS     2    0
                      OPEN SHELL OCCUPATION       0    1

  ZNUC  SCFIT    TOTAL HF ENERGY   KINETIC ENERGY   VIRIAL THEOREM ACCURACY
   5.0    11    -2.451164084E+01  2.462155050E+01 -1.995536038E+00  1.5E-06

 NUCLEAR CHARGE  1.0  SYMMETRY SPECIES            S
 N. ELECTRONS    1.0  NUMBER OF PRIMITIVE GTOS    4
                      NUMBER OF CONTRACTED GTOS   2
                      NUMBER OF CLOSED SHELLS     0
                      OPEN SHELL OCCUPATION       1

  ZNUC  SCFIT    TOTAL HF ENERGY   KINETIC ENERGY   VIRIAL THEOREM ACCURACY
   1.0     1    -4.977266687E-01  5.190767460E-01 -1.958869132E+00  0.0E+00

 NUCLEAR CHARGE  6.0  SYMMETRY SPECIES            S    P
 N. ELECTRONS    6.0  NUMBER OF PRIMITIVE GTOS    8    4
                      NUMBER OF CONTRACTED GTOS   4    2
                      NUMBER OF CLOSED SHELLS     2    0
                      OPEN SHELL OCCUPATION       0    2

  ZNUC  SCFIT    TOTAL HF ENERGY   KINETIC ENERGY   VIRIAL THEOREM ACCURACY
   6.0     9    -3.766704647E+01  3.775180683E+01 -1.997754800E+00  1.1E-06

 NUCLEAR CHARGE  8.0  SYMMETRY SPECIES            S    P
 N. ELECTRONS    8.0  NUMBER OF PRIMITIVE GTOS    8    4
                      NUMBER OF CONTRACTED GTOS   4    2
                      NUMBER OF CLOSED SHELLS     2    0
                      OPEN SHELL OCCUPATION       0    4

  ZNUC  SCFIT    TOTAL HF ENERGY   KINETIC ENERGY   VIRIAL THEOREM ACCURACY
   8.0    12    -7.477373220E+01  7.477365593E+01 -2.000001020E+00  3.8E-06

 AAAAAAAAAAAAAAAAAAAAAAAAAAAAAAAAAAAAAAAAAAAAAAAAAAAAAAAAAAAAAAAAAAAAAAAAAAAAAAA

 CHARGE NORMALIZATION FACTOR   1.00000000
 TOTAL ATOMIC CHARGES:
   5.0000000   5.0000000   5.0000000   5.0000000   5.0000000   5.0000000
   5.0000000   5.0000000   5.0000000   5.0000000   5.0000000   5.0000000
   1.0000000   1.0000000   1.0000000   1.0000000   1.0000000   1.0000000
   1.0000000   1.0000000   1.0000000   1.0000000   1.0000000   1.0000000
   1.0000000   1.0000000   1.0000000   1.0000000   1.0000000   1.0000000
   1.0000000   1.0000000   1.0000000   1.0000000   1.0000000   1.0000000
   6.0000000   6.0000000   6.0000000   6.0000000   6.0000000   6.0000000
   6.0000000   6.0000000   6.0000000   6.0000000   6.0000000   6.0000000
   6.0000000   6.0000000   6.0000000   6.0000000   6.0000000   6.0000000
   6.0000000   6.0000000   6.0000000   6.0000000   6.0000000   6.0000000
   6.0000000   6.0000000   6.0000000   6.0000000   6.0000000   6.0000000
   6.0000000   6.0000000   6.0000000   6.0000000   6.0000000   6.0000000
   8.0000000   8.0000000   8.0000000   8.0000000   8.0000000   8.0000000
   8.0000000   8.0000000   8.0000000   8.0000000   8.0000000   8.0000000
 TTTTTTTTTTTTTTTTTTTTTTTTTTTTTT MOQGAD      TELAPSE       21.22 TCPU       40.47
 TTTTTTTTTTTTTTTTTTTTTTTTTTTTTT SHELLXN     TELAPSE       33.84 TCPU      428.45
 TTTTTTTTTTTTTTTTTTTTTTTTTTTTTT MONMO3      TELAPSE       34.36 TCPU      445.32
 NUMERICALLY INTEGRATED DENSITY    395.9998779114
 TTTTTTTTTTTTTTTTTTTTTTTTTTTTTT NUMDFT      TELAPSE       35.81 TCPU      491.44
 CYC   0 ETOT(AU) -2.591908291171E+03 DETOT -2.59E+03 tst  0.00E+00 PX  1.00E+00
 TTTTTTTTTTTTTTTTTTTTTTTTTTTTTT DIIS        TELAPSE       35.91 TCPU      494.75
 TTTTTTTTTTTTTTTTTTTTTTTTTTTTTT FDIK        TELAPSE       37.93 TCPU      559.13
 INSULATING STATE
 TOP OF VALENCE BANDS -    BAND    198; K    2; EIG -3.1371025E-01 AU
 TOP OF VALENCE BANDS -    BAND    198; K    1; EIG -3.1376949E-01 AU
 BOTTOM OF VIRTUAL BANDS - BAND    199; K    1; EIG -1.5627366E-01 AU
 INDIRECT ENERGY BAND GAP:   4.2841 eV
 TTTTTTTTTTTTTTTTTTTTTTTTTTTTTT PDIG        TELAPSE       39.81 TCPU      566.04
 CHARGE NORMALIZATION FACTOR   1.00000000
 TOTAL ATOMIC CHARGES:
   4.1616654   4.1661505   4.1615194   4.1659876   4.1617312   4.1662278
   4.1658183   4.1613434   4.1655889   4.1610998   4.1657614   4.1612714
   0.7852600   0.7850556   0.7851711   0.7853752   0.7852175   0.7850135
   0.7851330   0.7853368   0.7852388   0.7850349   0.7852012   0.7854045
   0.7852287   0.7850241   0.7851634   0.7853677   0.7852203   0.7850160
   0.7851981   0.7854023   0.7852128   0.7850075   0.7851642   0.7853697
   6.0439027   6.0429996   6.2655897   6.2649393   6.2649053   6.2655532
   6.2655377   6.2648856   6.2648301   6.2654810   6.0422783   6.0431802
   6.0439643   6.0430519   6.2655713   6.2649225   6.2650017   6.2656526
   6.2654821   6.2648334   6.2650202   6.2656691   6.0418534   6.0427559
   6.0442717   6.0433554   6.2653084   6.2646588   6.2652043   6.2658549
   6.2652206   6.2645745   6.2651888   6.2658328   6.0418137   6.0427216
   8.6935325   8.6907783   8.6936386   8.6908866   8.6935843   8.6908302
   8.6912057   8.6939582   8.6912351   8.6939869   8.6913821   8.6941331
 TTTTTTTTTTTTTTTTTTTTTTTTTTTTTT MOQGAD      TELAPSE       39.92 TCPU      566.14
 TTTTTTTTTTTTTTTTTTTTTTTTTTTTTT SHELLXN     TELAPSE       52.78 TCPU      976.13
 TTTTTTTTTTTTTTTTTTTTTTTTTTTTTT MONMO3      TELAPSE       53.31 TCPU      993.22
 NUMERICALLY INTEGRATED DENSITY    395.9999720747
 TTTTTTTTTTTTTTTTTTTTTTTTTTTTTT NUMDFT      TELAPSE       54.80 TCPU     1040.67
 CYC   1 ETOT(AU) -2.577619382172E+03 DETOT  1.43E+01 tst  0.00E+00 PX  1.00E+00
 TTTTTTTTTTTTTTTTTTTTTTTTTTTTTT DIIS        TELAPSE       54.94 TCPU     1045.20
 DIIS TEST: 0.22353E+01 AT SCF   CYCLE   1 - MIX   30 %
 TTTTTTTTTTTTTTTTTTTTTTTTTTTTTT FDIK        TELAPSE       56.99 TCPU     1110.73
 INSULATING STATE
 TOP OF VALENCE BANDS -    BAND    198; K    2; EIG -2.2557226E-01 AU
 TOP OF VALENCE BANDS -    BAND    198; K    1; EIG -2.2567353E-01 AU
 BOTTOM OF VIRTUAL BANDS - BAND    199; K    1; EIG -7.9870194E-02 AU
 INDIRECT ENERGY BAND GAP:   3.9648 eV
 TTTTTTTTTTTTTTTTTTTTTTTTTTTTTT PDIG        TELAPSE       58.90 TCPU     1117.66
 CHARGE NORMALIZATION FACTOR   1.00000000
 TOTAL ATOMIC CHARGES:
   4.7127665   4.7146097   4.7126876   4.7145389   4.7126766   4.7145410
   4.7146274   4.7126178   4.7145987   4.7126242   4.7146425   4.7126892
   0.9051046   0.9116450   0.9116282   0.9051740   0.9050770   0.9116204
   0.9115641   0.9051210   0.9051072   0.9116461   0.9116376   0.9051690
   0.9050803   0.9116275   0.9116192   0.9051526   0.9050750   0.9116118
   0.9116579   0.9052007   0.9050501   0.9115892   0.9116416   0.9051820
   5.8666958   5.8758654   6.1255250   6.1383232   6.1387188   6.1258994
   6.1253304   6.1381739   6.1387020   6.1258667   5.8784310   5.8691975
   5.8665347   5.8757070   6.1252034   6.1380424   6.1387192   6.1258725
   6.1254219   6.1382995   6.1385997   6.1257594   5.8788843   5.8696212
   5.8666825   5.8758173   6.1253967   6.1382471   6.1385577   6.1256925
   6.1256590   6.1385314   6.1384632   6.1256330   5.8786144   5.8693778
   8.3320303   8.3335903   8.3323935   8.3339520   8.3323587   8.3338983
   8.3334246   8.3318824   8.3336174   8.3320863   8.3338075   8.3322897
 TTTTTTTTTTTTTTTTTTTTTTTTTTTTTT MOQGAD      TELAPSE       59.00 TCPU     1117.76
 TTTTTTTTTTTTTTTTTTTTTTTTTTTTTT SHELLXN     TELAPSE       71.87 TCPU     1527.79
 TTTTTTTTTTTTTTTTTTTTTTTTTTTTTT MONMO3      TELAPSE       72.40 TCPU     1544.89
 NUMERICALLY INTEGRATED DENSITY    395.9999541609
 TTTTTTTTTTTTTTTTTTTTTTTTTTTTTT NUMDFT      TELAPSE       73.89 TCPU     1592.41
 CYC   2 ETOT(AU) -2.578009703323E+03 DETOT -3.90E-01 tst  3.03E-03 PX  1.59E-01
 TTTTTTTTTTTTTTTTTTTTTTTTTTTTTT DIIS        TELAPSE       74.06 TCPU     1597.71
 DIIS TEST: 0.92750E+00 AT SCF   CYCLE   2 - DIIS ACTIVE - HISTORY:     2 CYCLES
 TTTTTTTTTTTTTTTTTTTTTTTTTTTTTT FDIK        TELAPSE       76.10 TCPU     1662.92
 INSULATING STATE
 TOP OF VALENCE BANDS -    BAND    198; K    2; EIG -2.3911520E-01 AU
 TOP OF VALENCE BANDS -    BAND    198; K    1; EIG -2.3918850E-01 AU
 BOTTOM OF VIRTUAL BANDS - BAND    199; K    1; EIG -7.5046394E-02 AU
 INDIRECT ENERGY BAND GAP:   4.4645 eV
 TTTTTTTTTTTTTTTTTTTTTTTTTTTTTT PDIG        TELAPSE       77.97 TCPU     1669.82
 CHARGE NORMALIZATION FACTOR   1.00000000
 TOTAL ATOMIC CHARGES:
   4.5037876   4.5082659   4.5036392   4.5081457   4.5037384   4.5082495
   4.5080129   4.5036222   4.5078438   4.5034806   4.5079108   4.5035667
   0.8835121   0.8891860   0.8893932   0.8836179   0.8834775   0.8891501
   0.8893325   0.8835760   0.8834566   0.8891392   0.8894258   0.8836461
   0.8834829   0.8891712   0.8893646   0.8835824   0.8834751   0.8891565
   0.8893955   0.8836386   0.8834998   0.8891818   0.8893512   0.8835816
   5.8972320   5.8820245   6.1640881   6.1584017   6.1580931   6.1636797
   6.1639337   6.1583105   6.1579973   6.1635579   5.8816520   5.8971274
   5.8973724   5.8821647   6.1640066   6.1583827   6.1580661   6.1636272
   6.1640517   6.1583966   6.1580365   6.1635859   5.8814324   5.8968786
   5.8975611   5.8823147   6.1638408   6.1582418   6.1581688   6.1636813
   6.1639555   6.1582894   6.1581309   6.1636769   5.8813530   5.8968342
   8.5109418   8.5082636   8.5111106   8.5084490   8.5110789   8.5084184
   8.5085083   8.5111468   8.5085946   8.5112305   8.5087175   8.5113353
 TTTTTTTTTTTTTTTTTTTTTTTTTTTTTT MOQGAD      TELAPSE       78.07 TCPU     1669.92
 TTTTTTTTTTTTTTTTTTTTTTTTTTTTTT SHELLXN     TELAPSE       90.94 TCPU     2080.07
 TTTTTTTTTTTTTTTTTTTTTTTTTTTTTT MONMO3      TELAPSE       91.47 TCPU     2097.15
 NUMERICALLY INTEGRATED DENSITY    395.9999606204
 TTTTTTTTTTTTTTTTTTTTTTTTTTTTTT NUMDFT      TELAPSE       92.96 TCPU     2144.58
 CYC   3 ETOT(AU) -2.578200993874E+03 DETOT -1.91E-01 tst  6.41E-04 PX  6.32E-02
 TTTTTTTTTTTTTTTTTTTTTTTTTTTTTT DIIS        TELAPSE       93.16 TCPU     2151.15
 DIIS TEST: 0.26925E-01 AT SCF   CYCLE   3 - DIIS ACTIVE - HISTORY:     3 CYCLES
 TTTTTTTTTTTTTTTTTTTTTTTTTTTTTT FDIK        TELAPSE       95.20 TCPU     2216.08
 INSULATING STATE
 TOP OF VALENCE BANDS -    BAND    198; K    2; EIG -2.4803829E-01 AU
 TOP OF VALENCE BANDS -    BAND    198; K    1; EIG -2.4811580E-01 AU
 BOTTOM OF VIRTUAL BANDS - BAND    199; K    1; EIG -8.2842605E-02 AU
 INDIRECT ENERGY BAND GAP:   4.4952 eV
 TTTTTTTTTTTTTTTTTTTTTTTTTTTTTT PDIG        TELAPSE       97.06 TCPU     2222.96
 CHARGE NORMALIZATION FACTOR   1.00000000
 TOTAL ATOMIC CHARGES:
   4.5098565   4.5112974   4.5097255   4.5111920   4.5098172   4.5112945
   4.5111069   4.5095752   4.5109400   4.5094469   4.5110204   4.5095520
   0.8685030   0.8717089   0.8717393   0.8685866   0.8684735   0.8716765
   0.8716672   0.8685312   0.8684913   0.8716957   0.8717512   0.8685810
   0.8684986   0.8717065   0.8717004   0.8685336   0.8684848   0.8716835
   0.8717435   0.8685912   0.8684931   0.8716913   0.8717085   0.8685495
   5.9306034   5.9483813   6.1599026   6.1715950   6.1718762   6.1602247
   6.1597202   6.1714813   6.1718611   6.1601752   5.9501910   5.9321925
   5.9303970   5.9482199   6.1596688   6.1713926   6.1719735   6.1602716
   6.1597006   6.1714885   6.1719270   6.1602422   5.9504072   5.9323786
   5.9306733   5.9484289   6.1596414   6.1713923   6.1719702   6.1602278
   6.1597326   6.1715162   6.1719145   6.1602440   5.9501800   5.9321997
   8.4772784   8.4770458   8.4775635   8.4773065   8.4775229   8.4772515
   8.4770481   8.4773185   8.4771818   8.4774579   8.4773593   8.4776583
 TTTTTTTTTTTTTTTTTTTTTTTTTTTTTT MOQGAD      TELAPSE       97.16 TCPU     2223.06
 TTTTTTTTTTTTTTTTTTTTTTTTTTTTTT SHELLXN     TELAPSE      110.02 TCPU     2633.06
 TTTTTTTTTTTTTTTTTTTTTTTTTTTTTT MONMO3      TELAPSE      110.56 TCPU     2650.12
 NUMERICALLY INTEGRATED DENSITY    395.9999597403
 TTTTTTTTTTTTTTTTTTTTTTTTTTTTTT NUMDFT      TELAPSE      112.04 TCPU     2697.56
 CYC   4 ETOT(AU) -2.578206382760E+03 DETOT -5.39E-03 tst  2.52E-05 PX  1.56E-02
 TTTTTTTTTTTTTTTTTTTTTTTTTTTTTT DIIS        TELAPSE      112.25 TCPU     2704.10
 DIIS TEST: 0.89339E-02 AT SCF   CYCLE   4 - DIIS ACTIVE - HISTORY:     4 CYCLES
 TTTTTTTTTTTTTTTTTTTTTTTTTTTTTT FDIK        TELAPSE      114.29 TCPU     2768.91
 INSULATING STATE
 TOP OF VALENCE BANDS -    BAND    198; K    2; EIG -2.4666950E-01 AU
 TOP OF VALENCE BANDS -    BAND    198; K    1; EIG -2.4674338E-01 AU
 BOTTOM OF VIRTUAL BANDS - BAND    199; K    1; EIG -8.3138383E-02 AU
 INDIRECT ENERGY BAND GAP:   4.4499 eV
 TTTTTTTTTTTTTTTTTTTTTTTTTTTTTT PDIG        TELAPSE      116.20 TCPU     2775.84
 CHARGE NORMALIZATION FACTOR   1.00000000
 TOTAL ATOMIC CHARGES:
   4.5124481   4.5147699   4.5123142   4.5146608   4.5124047   4.5147588
   4.5146217   4.5123062   4.5144659   4.5121858   4.5145376   4.5122784
   0.8698431   0.8750287   0.8751812   0.8699554   0.8698075   0.8749915
   0.8751179   0.8699104   0.8698027   0.8749938   0.8752121   0.8699760
   0.8698110   0.8750102   0.8751608   0.8699253   0.8698071   0.8749940
   0.8751928   0.8699799   0.8698161   0.8750059   0.8751572   0.8699333
   5.9282816   5.9166810   6.1670500   6.1656701   6.1655161   6.1668170
   6.1668895   6.1655756   6.1654505   6.1667244   5.9169174   5.9286786
   5.9283505   5.9167572   6.1669169   6.1655978   6.1654978   6.1667703
   6.1669967   6.1656578   6.1654482   6.1667183   5.9168427   5.9285754
   5.9285346   5.9168945   6.1668196   6.1655300   6.1655547   6.1667792
   6.1669694   6.1656258   6.1654943   6.1667646   5.9167202   5.9284926
   8.4869626   8.4856885   8.4871697   8.4859131   8.4871299   8.4858690
   8.4858139   8.4870589   8.4859274   8.4871743   8.4860659   8.4873006
 TTTTTTTTTTTTTTTTTTTTTTTTTTTTTT MOQGAD      TELAPSE      116.30 TCPU     2775.94
 TTTTTTTTTTTTTTTTTTTTTTTTTTTTTT SHELLXN     TELAPSE      129.15 TCPU     3185.71
 TTTTTTTTTTTTTTTTTTTTTTTTTTTTTT MONMO3      TELAPSE      129.69 TCPU     3202.80
 NUMERICALLY INTEGRATED DENSITY    395.9999604281
 TTTTTTTTTTTTTTTTTTTTTTTTTTTTTT NUMDFT      TELAPSE      131.18 TCPU     3250.31
 CYC   5 ETOT(AU) -2.578208339073E+03 DETOT -1.96E-03 tst  9.92E-06 PX  8.28E-03
 TTTTTTTTTTTTTTTTTTTTTTTTTTTTTT DIIS        TELAPSE      131.41 TCPU     3256.92
 DIIS TEST: 0.76394E-03 AT SCF   CYCLE   5 - DIIS ACTIVE - HISTORY:     5 CYCLES
 TTTTTTTTTTTTTTTTTTTTTTTTTTTTTT FDIK        TELAPSE      133.45 TCPU     3321.84
 INSULATING STATE
 TOP OF VALENCE BANDS -    BAND    198; K    2; EIG -2.4628796E-01 AU
 TOP OF VALENCE BANDS -    BAND    198; K    1; EIG -2.4636272E-01 AU
 BOTTOM OF VIRTUAL BANDS - BAND    199; K    1; EIG -8.2358045E-02 AU
 INDIRECT ENERGY BAND GAP:   4.4608 eV
 TTTTTTTTTTTTTTTTTTTTTTTTTTTTTT PDIG        TELAPSE      135.36 TCPU     3328.77
 CHARGE NORMALIZATION FACTOR   1.00000000
 TOTAL ATOMIC CHARGES:
   4.5115563   4.5147407   4.5114199   4.5146315   4.5115117   4.5147308
   4.5145348   4.5113128   4.5143746   4.5111896   4.5144482   4.5112859
   0.8713327   0.8758563   0.8759484   0.8714311   0.8713004   0.8758215
   0.8758821   0.8713821   0.8713043   0.8758302   0.8759696   0.8714378
   0.8713163   0.8758469   0.8759162   0.8713865   0.8713063   0.8758269
   0.8759548   0.8714437   0.8713191   0.8758405   0.8759166   0.8713967
   5.9149837   5.9243244   6.1629229   6.1696261   6.1696924   6.1629698
   6.1627492   6.1695215   6.1696403   6.1628859   5.9253104   5.9159311
   5.9149072   5.9242784   6.1627454   6.1694900   6.1697372   6.1629764
   6.1627776   6.1695589   6.1697001   6.1629433   5.9253689   5.9159545
   5.9151483   5.9244622   6.1626685   6.1694415   6.1697717   6.1629646
   6.1627626   6.1695380   6.1697287   6.1629794   5.9251948   5.9158258
   8.4873809   8.4865371   8.4876271   8.4867692   8.4875914   8.4867255
   8.4866372   8.4874966   8.4867507   8.4876117   8.4869088   8.4877781
 TTTTTTTTTTTTTTTTTTTTTTTTTTTTTT MOQGAD      TELAPSE      135.46 TCPU     3328.87
 TTTTTTTTTTTTTTTTTTTTTTTTTTTTTT SHELLXN     TELAPSE      148.32 TCPU     3738.63
 TTTTTTTTTTTTTTTTTTTTTTTTTTTTTT MONMO3      TELAPSE      148.85 TCPU     3755.73
 NUMERICALLY INTEGRATED DENSITY    395.9999602304
 TTTTTTTTTTTTTTTTTTTTTTTTTTTTTT NUMDFT      TELAPSE      150.34 TCPU     3803.19
 CYC   6 ETOT(AU) -2.578208417017E+03 DETOT -7.79E-05 tst  5.34E-06 PX  3.27E-03
 TTTTTTTTTTTTTTTTTTTTTTTTTTTTTT DIIS        TELAPSE      150.60 TCPU     3809.82
 DIIS TEST: 0.51935E-03 AT SCF   CYCLE   6 - DIIS ACTIVE - HISTORY:     6 CYCLES
 TTTTTTTTTTTTTTTTTTTTTTTTTTTTTT FDIK        TELAPSE      152.64 TCPU     3874.83
 INSULATING STATE
 TOP OF VALENCE BANDS -    BAND    198; K    2; EIG -2.4637688E-01 AU
 TOP OF VALENCE BANDS -    BAND    198; K    1; EIG -2.4645179E-01 AU
 BOTTOM OF VIRTUAL BANDS - BAND    199; K    1; EIG -8.2412614E-02 AU
 INDIRECT ENERGY BAND GAP:   4.4617 eV
 TTTTTTTTTTTTTTTTTTTTTTTTTTTTTT PDIG        TELAPSE      154.55 TCPU     3881.77
 CHARGE NORMALIZATION FACTOR   1.00000000
 TOTAL ATOMIC CHARGES:
   4.5118491   4.5146920   4.5117132   4.5145817   4.5118049   4.5146814
   4.5145001   4.5116343   4.5143404   4.5115102   4.5144141   4.5116063
   0.8711878   0.8760126   0.8761211   0.8712869   0.8711552   0.8759778
   0.8760548   0.8712386   0.8711566   0.8759850   0.8761439   0.8712973
   0.8711671   0.8760017   0.8760918   0.8712464   0.8711593   0.8759829
   0.8761276   0.8713028   0.8711702   0.8759956   0.8760913   0.8712564
   5.9214186   5.9207629   6.1644237   6.1673243   6.1673329   6.1644003
   6.1642526   6.1672201   6.1672811   6.1643178   5.9215737   5.9222467
   5.9213824   5.9207485   6.1642552   6.1672043   6.1673636   6.1643941
   6.1643089   6.1672702   6.1673181   6.1643530   5.9215958   5.9222385
   5.9216098   5.9209220   6.1641732   6.1671504   6.1674050   6.1643886
   6.1642918   6.1672483   6.1673497   6.1643896   5.9214336   5.9221198
   8.4868799   8.4857471   8.4871130   8.4859797   8.4870749   8.4859340
   8.4858494   8.4869801   8.4859657   8.4870984   8.4861177   8.4872522
 TTTTTTTTTTTTTTTTTTTTTTTTTTTTTT MOQGAD      TELAPSE      154.65 TCPU     3881.87
 TTTTTTTTTTTTTTTTTTTTTTTTTTTTTT SHELLXN     TELAPSE      167.51 TCPU     4291.68
 TTTTTTTTTTTTTTTTTTTTTTTTTTTTTT MONMO3      TELAPSE      168.04 TCPU     4308.80
 NUMERICALLY INTEGRATED DENSITY    395.9999602681
 TTTTTTTTTTTTTTTTTTTTTTTTTTTTTT NUMDFT      TELAPSE      169.52 TCPU     4356.14
 CYC   7 ETOT(AU) -2.578208558991E+03 DETOT -1.42E-04 tst  1.23E-06 PX  1.49E-03
 TTTTTTTTTTTTTTTTTTTTTTTTTTTTTT DIIS        TELAPSE      169.81 TCPU     4362.80
 DIIS TEST: 0.16993E-05 AT SCF   CYCLE   7 - DIIS ACTIVE - HISTORY:     7 CYCLES
 TTTTTTTTTTTTTTTTTTTTTTTTTTTTTT FDIK        TELAPSE      171.85 TCPU     4427.76
 INSULATING STATE
 TOP OF VALENCE BANDS -    BAND    198; K    2; EIG -2.4636189E-01 AU
 TOP OF VALENCE BANDS -    BAND    198; K    1; EIG -2.4643660E-01 AU
 BOTTOM OF VIRTUAL BANDS - BAND    199; K    1; EIG -8.2451754E-02 AU
 INDIRECT ENERGY BAND GAP:   4.4602 eV
 TTTTTTTTTTTTTTTTTTTTTTTTTTTTTT PDIG        TELAPSE      173.76 TCPU     4434.69
 CHARGE NORMALIZATION FACTOR   1.00000000
 TOTAL ATOMIC CHARGES:
   4.5119993   4.5147275   4.5118636   4.5146178   4.5119549   4.5147167
   4.5145482   4.5118077   4.5143897   4.5116852   4.5144624   4.5117798
   0.8711695   0.8759608   0.8760832   0.8712736   0.8711358   0.8759249
   0.8760180   0.8712263   0.8711351   0.8759305   0.8761089   0.8712871
   0.8711459   0.8759473   0.8760565   0.8712358   0.8711386   0.8759291
   0.8760917   0.8712918   0.8711500   0.8759420   0.8760549   0.8712448
   5.9213529   5.9210543   6.1643207   6.1673459   6.1673007   6.1642283
   6.1641536   6.1672469   6.1672433   6.1641412   5.9216757   5.9220315
   5.9213474   5.9210681   6.1641655   6.1672410   6.1673146   6.1642086
   6.1642208   6.1673071   6.1672710   6.1641657   5.9216702   5.9219936
   5.9215608   5.9212294   6.1640789   6.1671835   6.1673604   6.1642069
   6.1642003   6.1672810   6.1673078   6.1642062   5.9215207   5.9218871
   8.4869170   8.4858579   8.4871447   8.4860869   8.4871065   8.4860426
   8.4859676   8.4870193   8.4860820   8.4871357   8.4862306   8.4872825
 TTTTTTTTTTTTTTTTTTTTTTTTTTTTTT MOQGAD      TELAPSE      173.86 TCPU     4434.79
 TTTTTTTTTTTTTTTTTTTTTTTTTTTTTT SHELLXN     TELAPSE      186.73 TCPU     4844.89
 TTTTTTTTTTTTTTTTTTTTTTTTTTTTTT MONMO3      TELAPSE      187.26 TCPU     4861.98
 NUMERICALLY INTEGRATED DENSITY    395.9999602704
 TTTTTTTTTTTTTTTTTTTTTTTTTTTTTT NUMDFT      TELAPSE      188.75 TCPU     4909.46
 CYC   8 ETOT(AU) -2.578208558639E+03 DETOT  3.52E-07 tst  2.37E-09 PX  7.89E-05
 TTTTTTTTTTTTTTTTTTTTTTTTTTTTTT DIIS        TELAPSE      189.06 TCPU     4916.13
 DIIS TEST: 0.14427E-06 AT SCF   CYCLE   8 - DIIS ACTIVE - HISTORY:     8 CYCLES
 TTTTTTTTTTTTTTTTTTTTTTTTTTTTTT FDIK        TELAPSE      191.10 TCPU     4981.05
 INSULATING STATE
 TOP OF VALENCE BANDS -    BAND    198; K    2; EIG -2.4637295E-01 AU
 TOP OF VALENCE BANDS -    BAND    198; K    1; EIG -2.4644773E-01 AU
 BOTTOM OF VIRTUAL BANDS - BAND    199; K    1; EIG -8.2444332E-02 AU
 INDIRECT ENERGY BAND GAP:   4.4607 eV
 TTTTTTTTTTTTTTTTTTTTTTTTTTTTTT PDIG        TELAPSE      193.01 TCPU     4987.98
 CHARGE NORMALIZATION FACTOR   1.00000000
 TOTAL ATOMIC CHARGES:
   4.5119653   4.5147580   4.5118300   4.5146483   4.5119214   4.5147476
   4.5145670   4.5117499   4.5144077   4.5116265   4.5144811   4.5117221
   0.8711533   0.8759561   0.8760642   0.8712529   0.8711206   0.8759211
   0.8759980   0.8712046   0.8711221   0.8759282   0.8760873   0.8712632
   0.8711327   0.8759451   0.8760350   0.8712122   0.8711247   0.8759261
   0.8760710   0.8712688   0.8711359   0.8759390   0.8760344   0.8712222
   5.9212168   5.9208674   6.1643701   6.1673704   6.1673806   6.1643477
   6.1641997   6.1672667   6.1673279   6.1642644   5.9216742   5.9220407
   5.9211804   5.9208530   6.1642020   6.1672509   6.1674102   6.1643410
   6.1642542   6.1673158   6.1673664   6.1643014   5.9216967   5.9220328
   5.9214069   5.9210256   6.1641206   6.1671976   6.1674510   6.1643348
   6.1642372   6.1672940   6.1673982   6.1643382   5.9215352   5.9219147
   8.4869192   8.4858191   8.4871528   8.4860516   8.4871153   8.4860064
   8.4859228   8.4870219   8.4860383   8.4871391   8.4861905   8.4872938
 TTTTTTTTTTTTTTTTTTTTTTTTTTTTTT MOQGAD      TELAPSE      193.11 TCPU     4988.08
 TTTTTTTTTTTTTTTTTTTTTTTTTTTTTT SHELLXN     TELAPSE      205.97 TCPU     5398.16
 +++ ENERGIES IN A.U. +++
 ::: EXT EL-POLE                                  -2.4387198122231E+03
 ::: EXT EL-SPHEROPOLE                             2.6572050262135E+01
 ::: BIELET ZONE E-E                               3.8884588746847E+03
 ::: TOTAL E-E                                     1.4763111127237E+03
 ::: TOTAL E-N + N-E                              -6.6160180967521E+03
 ::: TOTAL N-N                                     2.6902622017280E+02
 ::: KINETIC ENERGY                                2.5599161767748E+03
 ::: PSEUDO TOTAL   ENERGY                        -2.3107645870808E+03
 ::: VIRIAL COEFFICIENT                            1.0511533401127E+00
 TTTTTTTTTTTTTTTTTTTTTTTTTTTTTT MONMO3      TELAPSE      206.51 TCPU     5415.29
 NUMERICALLY INTEGRATED DENSITY    395.9999602684
 EXCHANGE ENERGY: -0.252064367248E+03  CORRELATION ENERGY: -0.153796045313E+02
 TTTTTTTTTTTTTTTTTTTTTTTTTTTTTT NUMDFT      TELAPSE      208.00 TCPU     5462.82
 CYC   9 ETOT(AU) -2.578208558860E+03 DETOT -2.21E-07 tst  3.23E-10 PX  7.89E-05

 == SCF ENDED - CONVERGENCE ON ENERGY      E(AU) -2.5782085588601E+03 CYCLES   9


 ENERGY EXPRESSION=HARTREE+FOCK EXCH*0.00000+(HSESOL     EXCH)*1.00000+PBESOL     CORR


 TOTAL ENERGY(DFT)(AU)(  9) -2.5782085588601E+03 DE-2.2E-07 tester 3.2E-10
 TTTTTTTTTTTTTTTTTTTTTTTTTTTTTT EDFT        TELAPSE      208.00 TCPU     5462.83
 
 INFORMATION **** DFTD3 ENERGY **** CALCULATE DFTD3 ENERGY

           DFT-D V3(BJ)
 DF                                         hsesol3c  
 parameters
 s6       :    1.0000
 s8       :    0.0000
 a1       :    0.5196
 a2       :    4.9385
 k1 k3    :   16.0000   -4.0000
 Cutoff   :   50.2022
 CN-Cutoff:   21.1671
 ABC-Cutoff:   21.1671
 
 Edisp /kcal,au:   -43.2200 -0.06887544

 E6    /kcal :   -45.2928
 E8    /kcal :     0.0000
 E6(ABC) "   :   2.072826
 
 INFORMATION **** DFTD3 ENERGY **** NORMAL TERMINATION OF DFTD3 MODULE

 GCP ENERGY CALCULATION
  level        hsesol3c            basis:hsesol3c
  Nbf            948
  Atoms           84

  Parameters: 
  sigma     1.0000
  eta       1.4281
  alpha     0.2936
  beta      1.9467

  dmp_scal      4.0000
  dmp_exp       6.0000
 cutoffs: 
   distance [bohr] 60.0
   noise    [a.u.] 2.2E-16
 SR-damping   T
 ** gCP correction **
  Egcp:        0.1658454401 / (a.u.) ||     104.0696 / (kcal/mol)
 INFORMATION **** GCP **** NORMAL TERMINATION OF GCP MODULE

 *******************************************************************************

 DFT-D3-GCP DISPERSION AND COUNTERPOISE CORRECTION

 D3 DISPERSION ENERGY (AU)      -6.8875437190239E-02
 GCP ENERGY (AU)                 1.6584544009889E-01
 TOTAL ENERGY + DISP + GCP (AU) -2.5781115888572E+03

 *******************************************************************************

 EIGENVECTORS IN FORTRAN UNIT 10
 TTTTTTTTTTTTTTTTTTTTTTTTTTTTTT END         TELAPSE      210.64 TCPU     5471.15
 EEEEEEEEEE TERMINATION  DATE 19 02 2026 TIME 20:31:48.9
