[2026-01-27 12:54:28 (DEBUG) database.py:15] Default topology DB is loaded.
[2026-01-27 12:54:28 (DEBUG) database.py:22] Default building block DB is loaded.
[2026-01-27 12:54:28 (DEBUG) database.py:85] Topology is loaded from pickle.
[2026-01-27 12:54:28 (DEBUG) database.py:85] Topology is loaded from pickle.
[2026-01-27 12:56:32 (DEBUG) utils.py:296] There are bonds in building block xyz. Reading...
[2026-01-27 12:56:32 (DEBUG) utils.py:296] There are bonds in building block xyz. Reading...
[2026-01-27 12:57:08 (DEBUG) builder.py:94] Builder.build starts.
[2026-01-27 12:57:08 (DEBUG) locator.py:50] n_slices: 5
[2026-01-27 12:57:28 (DEBUG) database.py:15] Default topology DB is loaded.
[2026-01-27 12:57:28 (DEBUG) database.py:22] Default building block DB is loaded.
[2026-01-27 12:57:28 (DEBUG) database.py:85] Topology is loaded from pickle.
[2026-01-27 12:57:28 (DEBUG) database.py:85] Topology is loaded from pickle.
[2026-01-27 12:57:30 (DEBUG) utils.py:296] There are bonds in building block xyz. Reading...
[2026-01-27 12:57:30 (DEBUG) utils.py:296] There are bonds in building block xyz. Reading...
[2026-01-27 12:57:33 (DEBUG) builder.py:94] Builder.build starts.
[2026-01-27 12:57:33 (DEBUG) locator.py:50] n_slices: 4
[2026-01-27 12:57:33 (DEBUG) locator.py:50] n_slices: 4
[2026-01-27 12:57:33 (INFO) builder.py:150] == Min RMSD of (node type: 0, node bb: boronate_ester): 9.36E-05
[2026-01-27 12:57:33 (DEBUG) locator.py:50] n_slices: 2
[2026-01-27 12:57:33 (INFO) builder.py:158] Pre-location at node slot 0, (node type: 0, node bb: boronate_ester), RMSD: 9.36E-05
[2026-01-27 12:57:33 (DEBUG) locator.py:50] n_slices: 2
[2026-01-27 12:57:33 (INFO) builder.py:158] Pre-location at node slot 1, (node type: 0, node bb: boronate_ester), RMSD: 9.36E-05
[2026-01-27 12:57:33 (DEBUG) scaler.py:34] Scaler.scale starts.
[2026-01-27 12:57:33 (DEBUG) scaler.py:191] Max min ratio of edge length: 1.000
[2026-01-27 12:57:33 (INFO) scaler.py:257] Topology optimization starts.
[2026-01-27 12:57:33 (INFO) scaler.py:274] MESSAGE: CONVERGENCE: REL_REDUCTION_OF_F_<=_FACTR*EPSMCH
[2026-01-27 12:57:33 (INFO) scaler.py:275] SUCCESS: True
[2026-01-27 12:57:33 (INFO) scaler.py:276] ITER: 10
[2026-01-27 12:57:33 (INFO) scaler.py:277] OBJ: 0.000
[2026-01-27 12:57:33 (INFO) builder.py:276] Location at node slot 0, (node type: 0, node bb: boronate_ester), RMSD: 8.04E-05
[2026-01-27 12:57:33 (INFO) builder.py:276] Location at node slot 1, (node type: 0, node bb: boronate_ester), RMSD: 8.29E-05
[2026-01-27 12:57:33 (INFO) builder.py:352] Start placing edges.
[2026-01-27 12:57:33 (DEBUG) builder.py:389] Edge 2, RMSD: 0.00E+00
[2026-01-27 12:57:33 (DEBUG) builder.py:389] Edge 3, RMSD: 0.00E+00
[2026-01-27 12:57:33 (DEBUG) builder.py:389] Edge 4, RMSD: 1.49E-08
[2026-01-27 12:57:33 (INFO) builder.py:391] Start finding bonds in generated framework.
[2026-01-27 12:57:33 (INFO) builder.py:392] Start finding bonds in building blocks.
[2026-01-27 12:57:33 (INFO) builder.py:411] Start finding bonds between building blocks.
[2026-01-27 12:57:34 (DEBUG) builder.py:436] Bonds on topology edge 2 are connected (28, 16), (29, 8).
[2026-01-27 12:57:34 (DEBUG) builder.py:436] Bonds on topology edge 3 are connected (40, 7), (41, 15).
[2026-01-27 12:57:34 (DEBUG) builder.py:436] Bonds on topology edge 4 are connected (52, 6), (53, 17).
[2026-01-27 12:57:34 (INFO) builder.py:457] Start making Framework instance.
[2026-01-27 12:57:34 (DEBUG) builder.py:461] Merge list of atoms.
[2026-01-27 12:57:34 (DEBUG) builder.py:463] Set cell and boundary.
[2026-01-27 12:57:34 (INFO) builder.py:521] Construction of framework done.
